2018-08-30 10:51:02.271  WARN 45648 --- [localhost-startStop-1] c.w.a.s.h.MyFilterSecurityInterceptor    : Could not validate configuration attributes as the SecurityMetadataSource did not return any attributes from getAllConfigAttributes()
2018-08-30 10:51:03.267  WARN 45648 --- [main] org.dozer.config.GlobalSettings          : Dozer configuration file not found: dozer.properties.  Using defaults for all Dozer global properties.
2018-08-30 10:51:13.923  WARN 45648 --- [main] cn.wind.xboot.config.CacheConfiguration  : init redis缓存管理对象
2018-08-30 10:51:23.066  WARN 45648 --- [main] s.d.s.w.r.p.ParameterDataTypeReader      : Trying to infer dataType java.util.List<java.lang.Long>
2018-08-30 10:51:23.083  WARN 45648 --- [main] s.d.s.w.r.p.ParameterDataTypeReader      : Trying to infer dataType java.util.List<cn.wind.xboot.dto.app.ml.mlGoodsSelectDto>
2018-08-30 10:51:23.623  WARN 45648 --- [main] s.d.s.w.r.p.ParameterDataTypeReader      : Trying to infer dataType java.util.List<java.lang.Long>
2018-08-30 10:51:23.626  WARN 45648 --- [main] s.d.s.w.r.p.ParameterDataTypeReader      : Trying to infer dataType java.util.List<java.lang.Long>
2018-08-30 10:51:23.628  WARN 45648 --- [main] s.d.s.w.r.p.ParameterDataTypeReader      : Trying to infer dataType java.util.List<java.lang.Long>
2018-08-30 10:51:23.630  WARN 45648 --- [main] s.d.s.w.r.p.ParameterDataTypeReader      : Trying to infer dataType java.util.List<java.lang.Long>
2018-08-30 10:51:23.633  WARN 45648 --- [main] s.d.s.w.r.p.ParameterDataTypeReader      : Trying to infer dataType java.util.List<java.lang.Long>
2018-08-30 10:51:23.637  WARN 45648 --- [main] s.d.s.w.r.p.ParameterDataTypeReader      : Trying to infer dataType java.util.List<java.lang.Long>
2018-08-30 10:51:23.639  WARN 45648 --- [main] s.d.s.w.r.p.ParameterDataTypeReader      : Trying to infer dataType java.util.List<java.lang.Long>
2018-08-30 10:51:23.641  WARN 45648 --- [main] s.d.s.w.r.p.ParameterDataTypeReader      : Trying to infer dataType java.util.List<java.lang.Long>
2018-08-30 10:51:24.081  WARN 45648 --- [main] cn.wind.xboot.XbootApplication           : XbootApplication启动成功!
2018-08-30 10:53:00.690 ERROR 45648 --- [http-nio-8899-exec-10] o.a.c.c.C.[.[.[/].[dispatcherServlet]    : Servlet.service() for servlet [dispatcherServlet] in context with path [] threw exception [Request processing failed; nested exception is org.mybatis.spring.MyBatisSystemException: nested exception is org.apache.ibatis.executor.ExecutorException: A query was run and no Result Maps were found for the Mapped Statement 'cn.wind.db.bc.dao.BcPkWeekRecordMapper.findOneByConditions'.  It's likely that neither a Result Type nor a Result Map was specified.] with root cause

org.apache.ibatis.executor.ExecutorException: A query was run and no Result Maps were found for the Mapped Statement 'cn.wind.db.bc.dao.BcPkWeekRecordMapper.findOneByConditions'.  It's likely that neither a Result Type nor a Result Map was specified.
	at org.apache.ibatis.executor.resultset.DefaultResultSetHandler.validateResultMapsCount(DefaultResultSetHandler.java:291) ~[mybatis-3.4.6.jar:3.4.6]
	at org.apache.ibatis.executor.resultset.DefaultResultSetHandler.handleResultSets(DefaultResultSetHandler.java:193) ~[mybatis-3.4.6.jar:3.4.6]
	at org.apache.ibatis.executor.statement.PreparedStatementHandler.query(PreparedStatementHandler.java:64) ~[mybatis-3.4.6.jar:3.4.6]
	at org.apache.ibatis.executor.statement.RoutingStatementHandler.query(RoutingStatementHandler.java:79) ~[mybatis-3.4.6.jar:3.4.6]
	at sun.reflect.GeneratedMethodAccessor163.invoke(Unknown Source) ~[na:na]
	at sun.reflect.DelegatingMethodAccessorImpl.invoke(DelegatingMethodAccessorImpl.java:43) ~[na:1.8.0_144]
	at java.lang.reflect.Method.invoke(Method.java:498) ~[na:1.8.0_144]
	at org.apache.ibatis.plugin.Invocation.proceed(Invocation.java:49) ~[mybatis-3.4.6.jar:3.4.6]
	at com.baomidou.mybatisplus.plugins.PerformanceInterceptor.intercept(PerformanceInterceptor.java:156) ~[mybatis-plus-core-2.3.jar:na]
	at org.apache.ibatis.plugin.Plugin.invoke(Plugin.java:61) ~[mybatis-3.4.6.jar:3.4.6]
	at com.sun.proxy.$Proxy288.query(Unknown Source) ~[na:na]
	at sun.reflect.GeneratedMethodAccessor163.invoke(Unknown Source) ~[na:na]
	at sun.reflect.DelegatingMethodAccessorImpl.invoke(DelegatingMethodAccessorImpl.java:43) ~[na:1.8.0_144]
	at java.lang.reflect.Method.invoke(Method.java:498) ~[na:1.8.0_144]
	at org.apache.ibatis.plugin.Plugin.invoke(Plugin.java:63) ~[mybatis-3.4.6.jar:3.4.6]
	at com.sun.proxy.$Proxy288.query(Unknown Source) ~[na:na]
	at org.apache.ibatis.executor.SimpleExecutor.doQuery(SimpleExecutor.java:63) ~[mybatis-3.4.6.jar:3.4.6]
	at org.apache.ibatis.executor.BaseExecutor.queryFromDatabase(BaseExecutor.java:326) ~[mybatis-3.4.6.jar:3.4.6]
	at org.apache.ibatis.executor.BaseExecutor.query(BaseExecutor.java:156) ~[mybatis-3.4.6.jar:3.4.6]
	at org.apache.ibatis.executor.BaseExecutor.query(BaseExecutor.java:136) ~[mybatis-3.4.6.jar:3.4.6]
	at sun.reflect.GeneratedMethodAccessor162.invoke(Unknown Source) ~[na:na]
	at sun.reflect.DelegatingMethodAccessorImpl.invoke(DelegatingMethodAccessorImpl.java:43) ~[na:1.8.0_144]
	at java.lang.reflect.Method.invoke(Method.java:498) ~[na:1.8.0_144]
	at org.apache.ibatis.plugin.Plugin.invoke(Plugin.java:63) ~[mybatis-3.4.6.jar:3.4.6]
	at com.sun.proxy.$Proxy287.query(Unknown Source) ~[na:na]
	at sun.reflect.GeneratedMethodAccessor162.invoke(Unknown Source) ~[na:na]
	at sun.reflect.DelegatingMethodAccessorImpl.invoke(DelegatingMethodAccessorImpl.java:43) ~[na:1.8.0_144]
	at java.lang.reflect.Method.invoke(Method.java:498) ~[na:1.8.0_144]
	at org.apache.ibatis.plugin.Plugin.invoke(Plugin.java:63) ~[mybatis-3.4.6.jar:3.4.6]
	at com.sun.proxy.$Proxy287.query(Unknown Source) ~[na:na]
	at org.apache.ibatis.session.defaults.DefaultSqlSession.selectList(DefaultSqlSession.java:148) ~[mybatis-3.4.6.jar:3.4.6]
	at org.apache.ibatis.session.defaults.DefaultSqlSession.selectList(DefaultSqlSession.java:141) ~[mybatis-3.4.6.jar:3.4.6]
	at org.apache.ibatis.session.defaults.DefaultSqlSession.selectOne(DefaultSqlSession.java:77) ~[mybatis-3.4.6.jar:3.4.6]
	at sun.reflect.NativeMethodAccessorImpl.invoke0(Native Method) ~[na:1.8.0_144]
	at sun.reflect.NativeMethodAccessorImpl.invoke(NativeMethodAccessorImpl.java:62) ~[na:1.8.0_144]
	at sun.reflect.DelegatingMethodAccessorImpl.invoke(DelegatingMethodAccessorImpl.java:43) ~[na:1.8.0_144]
	at java.lang.reflect.Method.invoke(Method.java:498) ~[na:1.8.0_144]
	at org.mybatis.spring.SqlSessionTemplate$SqlSessionInterceptor.invoke(SqlSessionTemplate.java:433) ~[mybatis-spring-1.3.2.jar:1.3.2]
	at com.sun.proxy.$Proxy141.selectOne(Unknown Source) ~[na:na]
	at org.mybatis.spring.SqlSessionTemplate.selectOne(SqlSessionTemplate.java:166) ~[mybatis-spring-1.3.2.jar:1.3.2]
	at org.apache.ibatis.binding.MapperMethod.execute(MapperMethod.java:83) ~[mybatis-3.4.6.jar:3.4.6]
	at org.apache.ibatis.binding.MapperProxy.invoke(MapperProxy.java:59) ~[mybatis-3.4.6.jar:3.4.6]
	at com.sun.proxy.$Proxy266.findOneByConditions(Unknown Source) ~[na:na]
	at cn.wind.db.bc.service.impl.BcPkWeekRecordServiceImpl.findOneByConditions(BcPkWeekRecordServiceImpl.java:24) ~[classes/:na]
	at cn.wind.db.bc.service.impl.BcPkWeekRecordServiceImpl$$FastClassBySpringCGLIB$$71b6513f.invoke(<generated>) ~[classes/:na]
	at org.springframework.cglib.proxy.MethodProxy.invoke(MethodProxy.java:204) ~[spring-core-5.0.7.RELEASE.jar:5.0.7.RELEASE]
	at org.springframework.aop.framework.CglibAopProxy$DynamicAdvisedInterceptor.intercept(CglibAopProxy.java:684) ~[spring-aop-5.0.7.RELEASE.jar:5.0.7.RELEASE]
	at cn.wind.db.bc.service.impl.BcPkWeekRecordServiceImpl$$EnhancerBySpringCGLIB$$7c4eb158.findOneByConditions(<generated>) ~[classes/:na]
	at cn.wind.xboot.tencent.logic.RoomMgr.creatRoom(RoomMgr.java:223) ~[classes/:na]
	at cn.wind.xboot.tencent.logic.RoomMgr$$FastClassBySpringCGLIB$$7d027e5d.invoke(<generated>) ~[classes/:na]
	at org.springframework.cglib.proxy.MethodProxy.invoke(MethodProxy.java:204) ~[spring-core-5.0.7.RELEASE.jar:5.0.7.RELEASE]
	at org.springframework.aop.framework.CglibAopProxy$CglibMethodInvocation.invokeJoinpoint(CglibAopProxy.java:746) ~[spring-aop-5.0.7.RELEASE.jar:5.0.7.RELEASE]
	at org.springframework.aop.framework.ReflectiveMethodInvocation.proceed(ReflectiveMethodInvocation.java:163) ~[spring-aop-5.0.7.RELEASE.jar:5.0.7.RELEASE]
	at org.springframework.transaction.interceptor.TransactionAspectSupport.invokeWithinTransaction(TransactionAspectSupport.java:294) ~[spring-tx-5.0.7.RELEASE.jar:5.0.7.RELEASE]
	at org.springframework.transaction.interceptor.TransactionInterceptor.invoke(TransactionInterceptor.java:98) ~[spring-tx-5.0.7.RELEASE.jar:5.0.7.RELEASE]
	at org.springframework.aop.framework.ReflectiveMethodInvocation.proceed(ReflectiveMethodInvocation.java:185) ~[spring-aop-5.0.7.RELEASE.jar:5.0.7.RELEASE]
	at org.springframework.aop.framework.CglibAopProxy$DynamicAdvisedInterceptor.intercept(CglibAopProxy.java:688) ~[spring-aop-5.0.7.RELEASE.jar:5.0.7.RELEASE]
	at cn.wind.xboot.tencent.logic.RoomMgr$$EnhancerBySpringCGLIB$$b0f15b72.creatRoom(<generated>) ~[classes/:na]
	at cn.wind.xboot.tencent.service.impl.RoomServiceImpl.createRoom(RoomServiceImpl.java:156) ~[classes/:na]
	at cn.wind.xboot.tencent.controller.LiveRoom.create_room(LiveRoom.java:60) ~[classes/:na]
	at sun.reflect.NativeMethodAccessorImpl.invoke0(Native Method) ~[na:1.8.0_144]
	at sun.reflect.NativeMethodAccessorImpl.invoke(NativeMethodAccessorImpl.java:62) ~[na:1.8.0_144]
	at sun.reflect.DelegatingMethodAccessorImpl.invoke(DelegatingMethodAccessorImpl.java:43) ~[na:1.8.0_144]
	at java.lang.reflect.Method.invoke(Method.java:498) ~[na:1.8.0_144]
	at org.springframework.web.method.support.InvocableHandlerMethod.doInvoke(InvocableHandlerMethod.java:209) ~[spring-web-5.0.7.RELEASE.jar:5.0.7.RELEASE]
	at org.springframework.web.method.support.InvocableHandlerMethod.invokeForRequest(InvocableHandlerMethod.java:136) ~[spring-web-5.0.7.RELEASE.jar:5.0.7.RELEASE]
	at org.springframework.web.servlet.mvc.method.annotation.ServletInvocableHandlerMethod.invokeAndHandle(ServletInvocableHandlerMethod.java:102) ~[spring-webmvc-5.0.7.RELEASE.jar:5.0.7.RELEASE]
	at org.springframework.web.servlet.mvc.method.annotation.RequestMappingHandlerAdapter.invokeHandlerMethod(RequestMappingHandlerAdapter.java:877) ~[spring-webmvc-5.0.7.RELEASE.jar:5.0.7.RELEASE]
	at org.springframework.web.servlet.mvc.method.annotation.RequestMappingHandlerAdapter.handleInternal(RequestMappingHandlerAdapter.java:783) ~[spring-webmvc-5.0.7.RELEASE.jar:5.0.7.RELEASE]
	at org.springframework.web.servlet.mvc.method.AbstractHandlerMethodAdapter.handle(AbstractHandlerMethodAdapter.java:87) ~[spring-webmvc-5.0.7.RELEASE.jar:5.0.7.RELEASE]
	at org.springframework.web.servlet.DispatcherServlet.doDispatch(DispatcherServlet.java:991) ~[spring-webmvc-5.0.7.RELEASE.jar:5.0.7.RELEASE]
	at org.springframework.web.servlet.DispatcherServlet.doService(DispatcherServlet.java:925) ~[spring-webmvc-5.0.7.RELEASE.jar:5.0.7.RELEASE]
	at org.springframework.web.servlet.FrameworkServlet.processRequest(FrameworkServlet.java:974) ~[spring-webmvc-5.0.7.RELEASE.jar:5.0.7.RELEASE]
	at org.springframework.web.servlet.FrameworkServlet.doPost(FrameworkServlet.java:877) ~[spring-webmvc-5.0.7.RELEASE.jar:5.0.7.RELEASE]
	at javax.servlet.http.HttpServlet.service(HttpServlet.java:661) ~[tomcat-embed-core-8.5.31.jar:8.5.31]
	at org.springframework.web.servlet.FrameworkServlet.service(FrameworkServlet.java:851) ~[spring-webmvc-5.0.7.RELEASE.jar:5.0.7.RELEASE]
	at javax.servlet.http.HttpServlet.service(HttpServlet.java:742) ~[tomcat-embed-core-8.5.31.jar:8.5.31]
	at org.apache.catalina.core.ApplicationFilterChain.internalDoFilter(ApplicationFilterChain.java:231) ~[tomcat-embed-core-8.5.31.jar:8.5.31]
	at org.apache.catalina.core.ApplicationFilterChain.doFilter(ApplicationFilterChain.java:166) ~[tomcat-embed-core-8.5.31.jar:8.5.31]
	at org.apache.tomcat.websocket.server.WsFilter.doFilter(WsFilter.java:52) ~[tomcat-embed-websocket-8.5.31.jar:8.5.31]
	at org.apache.catalina.core.ApplicationFilterChain.internalDoFilter(ApplicationFilterChain.java:193) ~[tomcat-embed-core-8.5.31.jar:8.5.31]
	at org.apache.catalina.core.ApplicationFilterChain.doFilter(ApplicationFilterChain.java:166) ~[tomcat-embed-core-8.5.31.jar:8.5.31]
	at cn.wind.auth.security.handler.MyFilterSecurityInterceptor.invoke(MyFilterSecurityInterceptor.java:49) ~[classes/:na]
	at cn.wind.auth.security.handler.MyFilterSecurityInterceptor.doFilter(MyFilterSecurityInterceptor.java:42) ~[classes/:na]
	at org.apache.catalina.core.ApplicationFilterChain.internalDoFilter(ApplicationFilterChain.java:193) ~[tomcat-embed-core-8.5.31.jar:8.5.31]
	at org.apache.catalina.core.ApplicationFilterChain.doFilter(ApplicationFilterChain.java:166) ~[tomcat-embed-core-8.5.31.jar:8.5.31]
	at org.springframework.boot.actuate.metrics.web.servlet.WebMvcMetricsFilter.filterAndRecordMetrics(WebMvcMetricsFilter.java:158) ~[spring-boot-actuator-2.0.3.RELEASE.jar:2.0.3.RELEASE]
	at org.springframework.boot.actuate.metrics.web.servlet.WebMvcMetricsFilter.filterAndRecordMetrics(WebMvcMetricsFilter.java:126) ~[spring-boot-actuator-2.0.3.RELEASE.jar:2.0.3.RELEASE]
	at org.springframework.boot.actuate.metrics.web.servlet.WebMvcMetricsFilter.doFilterInternal(WebMvcMetricsFilter.java:111) ~[spring-boot-actuator-2.0.3.RELEASE.jar:2.0.3.RELEASE]
	at org.springframework.web.filter.OncePerRequestFilter.doFilter(OncePerRequestFilter.java:107) ~[spring-web-5.0.7.RELEASE.jar:5.0.7.RELEASE]
	at org.apache.catalina.core.ApplicationFilterChain.internalDoFilter(ApplicationFilterChain.java:193) ~[tomcat-embed-core-8.5.31.jar:8.5.31]
	at org.apache.catalina.core.ApplicationFilterChain.doFilter(ApplicationFilterChain.java:166) ~[tomcat-embed-core-8.5.31.jar:8.5.31]
	at com.alibaba.druid.support.http.WebStatFilter.doFilter(WebStatFilter.java:123) ~[druid-1.1.10.jar:1.1.10]
	at org.apache.catalina.core.ApplicationFilterChain.internalDoFilter(ApplicationFilterChain.java:193) ~[tomcat-embed-core-8.5.31.jar:8.5.31]
	at org.apache.catalina.core.ApplicationFilterChain.doFilter(ApplicationFilterChain.java:166) ~[tomcat-embed-core-8.5.31.jar:8.5.31]
	at org.springframework.boot.actuate.web.trace.servlet.HttpTraceFilter.doFilterInternal(HttpTraceFilter.java:90) ~[spring-boot-actuator-2.0.3.RELEASE.jar:2.0.3.RELEASE]
	at org.springframework.web.filter.OncePerRequestFilter.doFilter(OncePerRequestFilter.java:107) ~[spring-web-5.0.7.RELEASE.jar:5.0.7.RELEASE]
	at org.apache.catalina.core.ApplicationFilterChain.internalDoFilter(ApplicationFilterChain.java:193) ~[tomcat-embed-core-8.5.31.jar:8.5.31]
	at org.apache.catalina.core.ApplicationFilterChain.doFilter(ApplicationFilterChain.java:166) ~[tomcat-embed-core-8.5.31.jar:8.5.31]
	at org.springframework.security.web.FilterChainProxy$VirtualFilterChain.doFilter(FilterChainProxy.java:320) ~[spring-security-web-5.0.5.RELEASE.jar:5.0.5.RELEASE]
	at org.springframework.security.web.access.intercept.FilterSecurityInterceptor.invoke(FilterSecurityInterceptor.java:127) ~[spring-security-web-5.0.5.RELEASE.jar:5.0.5.RELEASE]
	at org.springframework.security.web.access.intercept.FilterSecurityInterceptor.doFilter(FilterSecurityInterceptor.java:91) ~[spring-security-web-5.0.5.RELEASE.jar:5.0.5.RELEASE]
	at org.springframework.security.web.FilterChainProxy$VirtualFilterChain.doFilter(FilterChainProxy.java:334) ~[spring-security-web-5.0.5.RELEASE.jar:5.0.5.RELEASE]
	at org.springframework.security.web.access.ExceptionTranslationFilter.doFilter(ExceptionTranslationFilter.java:119) ~[spring-security-web-5.0.5.RELEASE.jar:5.0.5.RELEASE]
	at org.springframework.security.web.FilterChainProxy$VirtualFilterChain.doFilter(FilterChainProxy.java:334) ~[spring-security-web-5.0.5.RELEASE.jar:5.0.5.RELEASE]
	at org.springframework.security.web.session.SessionManagementFilter.doFilter(SessionManagementFilter.java:137) ~[spring-security-web-5.0.5.RELEASE.jar:5.0.5.RELEASE]
	at org.springframework.security.web.FilterChainProxy$VirtualFilterChain.doFilter(FilterChainProxy.java:334) ~[spring-security-web-5.0.5.RELEASE.jar:5.0.5.RELEASE]
	at org.springframework.security.web.authentication.AnonymousAuthenticationFilter.doFilter(AnonymousAuthenticationFilter.java:111) ~[spring-security-web-5.0.5.RELEASE.jar:5.0.5.RELEASE]
	at org.springframework.security.web.FilterChainProxy$VirtualFilterChain.doFilter(FilterChainProxy.java:334) ~[spring-security-web-5.0.5.RELEASE.jar:5.0.5.RELEASE]
	at org.springframework.security.web.servletapi.SecurityContextHolderAwareRequestFilter.doFilter(SecurityContextHolderAwareRequestFilter.java:170) ~[spring-security-web-5.0.5.RELEASE.jar:5.0.5.RELEASE]
	at org.springframework.security.web.FilterChainProxy$VirtualFilterChain.doFilter(FilterChainProxy.java:334) ~[spring-security-web-5.0.5.RELEASE.jar:5.0.5.RELEASE]
	at org.springframework.security.web.savedrequest.RequestCacheAwareFilter.doFilter(RequestCacheAwareFilter.java:63) ~[spring-security-web-5.0.5.RELEASE.jar:5.0.5.RELEASE]
	at org.springframework.security.web.FilterChainProxy$VirtualFilterChain.doFilter(FilterChainProxy.java:334) ~[spring-security-web-5.0.5.RELEASE.jar:5.0.5.RELEASE]
	at org.springframework.security.web.authentication.logout.LogoutFilter.doFilter(LogoutFilter.java:116) ~[spring-security-web-5.0.5.RELEASE.jar:5.0.5.RELEASE]
	at org.springframework.security.web.FilterChainProxy$VirtualFilterChain.doFilter(FilterChainProxy.java:334) ~[spring-security-web-5.0.5.RELEASE.jar:5.0.5.RELEASE]
	at org.springframework.security.web.header.HeaderWriterFilter.doFilterInternal(HeaderWriterFilter.java:66) ~[spring-security-web-5.0.5.RELEASE.jar:5.0.5.RELEASE]
	at org.springframework.web.filter.OncePerRequestFilter.doFilter(OncePerRequestFilter.java:107) ~[spring-web-5.0.7.RELEASE.jar:5.0.7.RELEASE]
	at org.springframework.security.web.FilterChainProxy$VirtualFilterChain.doFilter(FilterChainProxy.java:334) ~[spring-security-web-5.0.5.RELEASE.jar:5.0.5.RELEASE]
	at org.springframework.security.web.context.SecurityContextPersistenceFilter.doFilter(SecurityContextPersistenceFilter.java:105) ~[spring-security-web-5.0.5.RELEASE.jar:5.0.5.RELEASE]
	at org.springframework.security.web.FilterChainProxy$VirtualFilterChain.doFilter(FilterChainProxy.java:334) ~[spring-security-web-5.0.5.RELEASE.jar:5.0.5.RELEASE]
	at org.springframework.security.web.context.request.async.WebAsyncManagerIntegrationFilter.doFilterInternal(WebAsyncManagerIntegrationFilter.java:56) ~[spring-security-web-5.0.5.RELEASE.jar:5.0.5.RELEASE]
	at org.springframework.web.filter.OncePerRequestFilter.doFilter(OncePerRequestFilter.java:107) ~[spring-web-5.0.7.RELEASE.jar:5.0.7.RELEASE]
	at org.springframework.security.web.FilterChainProxy$VirtualFilterChain.doFilter(FilterChainProxy.java:334) ~[spring-security-web-5.0.5.RELEASE.jar:5.0.5.RELEASE]
	at org.springframework.security.web.FilterChainProxy.doFilterInternal(FilterChainProxy.java:215) ~[spring-security-web-5.0.5.RELEASE.jar:5.0.5.RELEASE]
	at org.springframework.security.web.FilterChainProxy.doFilter(FilterChainProxy.java:178) ~[spring-security-web-5.0.5.RELEASE.jar:5.0.5.RELEASE]
	at org.springframework.web.filter.DelegatingFilterProxy.invokeDelegate(DelegatingFilterProxy.java:357) ~[spring-web-5.0.7.RELEASE.jar:5.0.7.RELEASE]
	at org.springframework.web.filter.DelegatingFilterProxy.doFilter(DelegatingFilterProxy.java:270) ~[spring-web-5.0.7.RELEASE.jar:5.0.7.RELEASE]
	at org.apache.catalina.core.ApplicationFilterChain.internalDoFilter(ApplicationFilterChain.java:193) ~[tomcat-embed-core-8.5.31.jar:8.5.31]
	at org.apache.catalina.core.ApplicationFilterChain.doFilter(ApplicationFilterChain.java:166) ~[tomcat-embed-core-8.5.31.jar:8.5.31]
	at org.springframework.web.filter.CharacterEncodingFilter.doFilterInternal(CharacterEncodingFilter.java:200) ~[spring-web-5.0.7.RELEASE.jar:5.0.7.RELEASE]
	at org.springframework.web.filter.OncePerRequestFilter.doFilter(OncePerRequestFilter.java:107) ~[spring-web-5.0.7.RELEASE.jar:5.0.7.RELEASE]
	at org.apache.catalina.core.ApplicationFilterChain.internalDoFilter(ApplicationFilterChain.java:193) ~[tomcat-embed-core-8.5.31.jar:8.5.31]
	at org.apache.catalina.core.ApplicationFilterChain.doFilter(ApplicationFilterChain.java:166) ~[tomcat-embed-core-8.5.31.jar:8.5.31]
	at org.apache.catalina.core.StandardWrapperValve.invoke(StandardWrapperValve.java:198) ~[tomcat-embed-core-8.5.31.jar:8.5.31]
	at org.apache.catalina.core.StandardContextValve.invoke(StandardContextValve.java:96) [tomcat-embed-core-8.5.31.jar:8.5.31]
	at org.apache.catalina.authenticator.AuthenticatorBase.invoke(AuthenticatorBase.java:496) [tomcat-embed-core-8.5.31.jar:8.5.31]
	at org.apache.catalina.core.StandardHostValve.invoke(StandardHostValve.java:140) [tomcat-embed-core-8.5.31.jar:8.5.31]
	at org.apache.catalina.valves.ErrorReportValve.invoke(ErrorReportValve.java:81) [tomcat-embed-core-8.5.31.jar:8.5.31]
	at org.apache.catalina.core.StandardEngineValve.invoke(StandardEngineValve.java:87) [tomcat-embed-core-8.5.31.jar:8.5.31]
	at org.apache.catalina.connector.CoyoteAdapter.service(CoyoteAdapter.java:342) [tomcat-embed-core-8.5.31.jar:8.5.31]
	at org.apache.coyote.http11.Http11Processor.service(Http11Processor.java:803) [tomcat-embed-core-8.5.31.jar:8.5.31]
	at org.apache.coyote.AbstractProcessorLight.process(AbstractProcessorLight.java:66) [tomcat-embed-core-8.5.31.jar:8.5.31]
	at org.apache.coyote.AbstractProtocol$ConnectionHandler.process(AbstractProtocol.java:790) [tomcat-embed-core-8.5.31.jar:8.5.31]
	at org.apache.tomcat.util.net.NioEndpoint$SocketProcessor.doRun(NioEndpoint.java:1468) [tomcat-embed-core-8.5.31.jar:8.5.31]
	at org.apache.tomcat.util.net.SocketProcessorBase.run(SocketProcessorBase.java:49) [tomcat-embed-core-8.5.31.jar:8.5.31]
	at java.util.concurrent.ThreadPoolExecutor.runWorker(ThreadPoolExecutor.java:1149) [na:1.8.0_144]
	at java.util.concurrent.ThreadPoolExecutor$Worker.run(ThreadPoolExecutor.java:624) [na:1.8.0_144]
	at org.apache.tomcat.util.threads.TaskThread$WrappingRunnable.run(TaskThread.java:61) [tomcat-embed-core-8.5.31.jar:8.5.31]
	at java.lang.Thread.run(Thread.java:748) [na:1.8.0_144]

2018-08-30 10:54:28.204 ERROR 45648 --- [Thread-91] c.x.j.c.thread.ExecutorRegistryThread    : sleep interrupted

java.lang.InterruptedException: sleep interrupted
	at java.lang.Thread.sleep(Native Method) [na:1.8.0_144]
	at java.lang.Thread.sleep(Thread.java:340) [na:1.8.0_144]
	at java.util.concurrent.TimeUnit.sleep(TimeUnit.java:386) ~[na:1.8.0_144]
	at com.xxl.job.core.thread.ExecutorRegistryThread$1.run(ExecutorRegistryThread.java:75) ~[xxl-job-core-1.9.1.jar:na]
	at java.lang.Thread.run(Thread.java:748) [na:1.8.0_144]

2018-08-30 10:54:28.231 ERROR 45648 --- [Thread-92] c.x.j.core.thread.TriggerCallbackThread  : null

java.lang.InterruptedException: null
	at java.util.concurrent.locks.AbstractQueuedSynchronizer$ConditionObject.reportInterruptAfterWait(AbstractQueuedSynchronizer.java:2014) ~[na:1.8.0_144]
	at java.util.concurrent.locks.AbstractQueuedSynchronizer$ConditionObject.await(AbstractQueuedSynchronizer.java:2048) ~[na:1.8.0_144]
	at java.util.concurrent.LinkedBlockingQueue.take(LinkedBlockingQueue.java:442) ~[na:1.8.0_144]
	at com.xxl.job.core.thread.TriggerCallbackThread$1.run(TriggerCallbackThread.java:55) ~[xxl-job-core-1.9.1.jar:na]
	at java.lang.Thread.run(Thread.java:748) [na:1.8.0_144]

2018-08-30 10:54:28.238 ERROR 45648 --- [Thread-87] c.x.j.c.r.n.jetty.server.JettyServer     : null

java.lang.InterruptedException: null
	at java.util.concurrent.locks.AbstractQueuedSynchronizer$ConditionObject.reportInterruptAfterWait(AbstractQueuedSynchronizer.java:2014) ~[na:1.8.0_144]
	at java.util.concurrent.locks.AbstractQueuedSynchronizer$ConditionObject.awaitNanos(AbstractQueuedSynchronizer.java:2088) ~[na:1.8.0_144]
	at java.util.concurrent.ThreadPoolExecutor.awaitTermination(ThreadPoolExecutor.java:1475) ~[na:1.8.0_144]
	at org.eclipse.jetty.util.thread.ExecutorThreadPool.join(ExecutorThreadPool.java:182) ~[jetty-util-9.2.24.v20180105.jar:9.2.24.v20180105]
	at org.eclipse.jetty.server.Server.join(Server.java:556) ~[jetty-server-9.2.24.v20180105.jar:9.2.24.v20180105]
	at com.xxl.job.core.rpc.netcom.jetty.server.JettyServer$1.run(JettyServer.java:55) ~[xxl-job-core-1.9.1.jar:na]
	at java.lang.Thread.run(Thread.java:748) [na:1.8.0_144]

2018-08-30 10:54:28.250 ERROR 45648 --- [Thread-59] c.x.j.a.c.t.JobRegistryMonitorHelper     : job registry instance error:{}

java.lang.InterruptedException: sleep interrupted
	at java.lang.Thread.sleep(Native Method) [na:1.8.0_144]
	at java.lang.Thread.sleep(Thread.java:340) [na:1.8.0_144]
	at java.util.concurrent.TimeUnit.sleep(TimeUnit.java:386) ~[na:1.8.0_144]
	at com.xxl.job.admin.core.thread.JobRegistryMonitorHelper$1.run(JobRegistryMonitorHelper.java:81) ~[classes/:na]
	at java.lang.Thread.run(Thread.java:748) [na:1.8.0_144]

2018-08-30 10:54:28.250 ERROR 45648 --- [Thread-60] c.x.j.a.c.thread.JobFailMonitorHelper    : job monitor error:{}

java.lang.InterruptedException: sleep interrupted
	at java.lang.Thread.sleep(Native Method) [na:1.8.0_144]
	at java.lang.Thread.sleep(Thread.java:340) [na:1.8.0_144]
	at java.util.concurrent.TimeUnit.sleep(TimeUnit.java:386) ~[na:1.8.0_144]
	at com.xxl.job.admin.core.thread.JobFailMonitorHelper$1.run(JobFailMonitorHelper.java:77) ~[classes/:na]
	at java.lang.Thread.run(Thread.java:748) [na:1.8.0_144]

2018-08-30 10:55:04.750  WARN 45680 --- [localhost-startStop-1] c.w.a.s.h.MyFilterSecurityInterceptor    : Could not validate configuration attributes as the SecurityMetadataSource did not return any attributes from getAllConfigAttributes()
2018-08-30 10:55:05.654  WARN 45680 --- [main] org.dozer.config.GlobalSettings          : Dozer configuration file not found: dozer.properties.  Using defaults for all Dozer global properties.
2018-08-30 10:55:15.924  WARN 45680 --- [main] cn.wind.xboot.config.CacheConfiguration  : init redis缓存管理对象
2018-08-30 10:55:24.677  WARN 45680 --- [main] s.d.s.w.r.p.ParameterDataTypeReader      : Trying to infer dataType java.util.List<java.lang.Long>
2018-08-30 10:55:24.692  WARN 45680 --- [main] s.d.s.w.r.p.ParameterDataTypeReader      : Trying to infer dataType java.util.List<cn.wind.xboot.dto.app.ml.mlGoodsSelectDto>
2018-08-30 10:55:25.253  WARN 45680 --- [main] s.d.s.w.r.p.ParameterDataTypeReader      : Trying to infer dataType java.util.List<java.lang.Long>
2018-08-30 10:55:25.256  WARN 45680 --- [main] s.d.s.w.r.p.ParameterDataTypeReader      : Trying to infer dataType java.util.List<java.lang.Long>
2018-08-30 10:55:25.258  WARN 45680 --- [main] s.d.s.w.r.p.ParameterDataTypeReader      : Trying to infer dataType java.util.List<java.lang.Long>
2018-08-30 10:55:25.260  WARN 45680 --- [main] s.d.s.w.r.p.ParameterDataTypeReader      : Trying to infer dataType java.util.List<java.lang.Long>
2018-08-30 10:55:25.262  WARN 45680 --- [main] s.d.s.w.r.p.ParameterDataTypeReader      : Trying to infer dataType java.util.List<java.lang.Long>
2018-08-30 10:55:25.264  WARN 45680 --- [main] s.d.s.w.r.p.ParameterDataTypeReader      : Trying to infer dataType java.util.List<java.lang.Long>
2018-08-30 10:55:25.267  WARN 45680 --- [main] s.d.s.w.r.p.ParameterDataTypeReader      : Trying to infer dataType java.util.List<java.lang.Long>
2018-08-30 10:55:25.269  WARN 45680 --- [main] s.d.s.w.r.p.ParameterDataTypeReader      : Trying to infer dataType java.util.List<java.lang.Long>
2018-08-30 10:55:25.624  WARN 45680 --- [main] cn.wind.xboot.XbootApplication           : XbootApplication启动成功!
2018-08-30 10:55:56.577 ERROR 45680 --- [http-nio-8899-exec-5] c.w.x.t.service.impl.RoomServiceImpl     : createRoom失败:鉴权失败：userID：1024566806937116674
2018-08-30 10:56:23.755 ERROR 45680 --- [http-nio-8899-exec-8] druid.sql.Statement                      : {conn-10004, pstmt-20064} execute error. INSERT INTO cx_bc_pk_week_record 
 ( id,
	bc_user_id,
	pk_wins,
	win_num,
	failure_num,
	draw_num,
	live_earnings,
	week_no,
	year_no,
	category,create_time,create_by,modify_time,modify_by )  VALUES 
 ( ?,
	?,
	?,
	?,
	?,
	?,
	?,
	?,
	?,
	?,?,?,?,? )

com.mysql.jdbc.exceptions.jdbc4.MySQLSyntaxErrorException: Unknown column 'create_time' in 'field list'
	at sun.reflect.NativeConstructorAccessorImpl.newInstance0(Native Method) ~[na:1.8.0_144]
	at sun.reflect.NativeConstructorAccessorImpl.newInstance(NativeConstructorAccessorImpl.java:62) ~[na:1.8.0_144]
	at sun.reflect.DelegatingConstructorAccessorImpl.newInstance(DelegatingConstructorAccessorImpl.java:45) ~[na:1.8.0_144]
	at java.lang.reflect.Constructor.newInstance(Constructor.java:423) ~[na:1.8.0_144]
	at com.mysql.jdbc.Util.handleNewInstance(Util.java:425) ~[mysql-connector-java-5.1.46.jar:5.1.46]
	at com.mysql.jdbc.Util.getInstance(Util.java:408) ~[mysql-connector-java-5.1.46.jar:5.1.46]
	at com.mysql.jdbc.SQLError.createSQLException(SQLError.java:944) ~[mysql-connector-java-5.1.46.jar:5.1.46]
	at com.mysql.jdbc.MysqlIO.checkErrorPacket(MysqlIO.java:3976) ~[mysql-connector-java-5.1.46.jar:5.1.46]
	at com.mysql.jdbc.MysqlIO.checkErrorPacket(MysqlIO.java:3912) ~[mysql-connector-java-5.1.46.jar:5.1.46]
	at com.mysql.jdbc.MysqlIO.sendCommand(MysqlIO.java:2530) ~[mysql-connector-java-5.1.46.jar:5.1.46]
	at com.mysql.jdbc.MysqlIO.sqlQueryDirect(MysqlIO.java:2683) ~[mysql-connector-java-5.1.46.jar:5.1.46]
	at com.mysql.jdbc.ConnectionImpl.execSQL(ConnectionImpl.java:2486) ~[mysql-connector-java-5.1.46.jar:5.1.46]
	at com.mysql.jdbc.PreparedStatement.executeInternal(PreparedStatement.java:1858) ~[mysql-connector-java-5.1.46.jar:5.1.46]
	at com.mysql.jdbc.PreparedStatement.execute(PreparedStatement.java:1197) ~[mysql-connector-java-5.1.46.jar:5.1.46]
	at com.alibaba.druid.filter.FilterChainImpl.preparedStatement_execute(FilterChainImpl.java:3409) [druid-1.1.10.jar:1.1.10]
	at com.alibaba.druid.filter.FilterEventAdapter.preparedStatement_execute(FilterEventAdapter.java:440) [druid-1.1.10.jar:1.1.10]
	at com.alibaba.druid.filter.FilterChainImpl.preparedStatement_execute(FilterChainImpl.java:3407) [druid-1.1.10.jar:1.1.10]
	at com.alibaba.druid.wall.WallFilter.preparedStatement_execute(WallFilter.java:619) [druid-1.1.10.jar:1.1.10]
	at com.alibaba.druid.filter.FilterChainImpl.preparedStatement_execute(FilterChainImpl.java:3407) [druid-1.1.10.jar:1.1.10]
	at com.alibaba.druid.filter.FilterEventAdapter.preparedStatement_execute(FilterEventAdapter.java:440) [druid-1.1.10.jar:1.1.10]
	at com.alibaba.druid.filter.FilterChainImpl.preparedStatement_execute(FilterChainImpl.java:3407) [druid-1.1.10.jar:1.1.10]
	at com.alibaba.druid.proxy.jdbc.PreparedStatementProxyImpl.execute(PreparedStatementProxyImpl.java:167) [druid-1.1.10.jar:1.1.10]
	at com.alibaba.druid.pool.DruidPooledPreparedStatement.execute(DruidPooledPreparedStatement.java:498) [druid-1.1.10.jar:1.1.10]
	at org.apache.ibatis.executor.statement.PreparedStatementHandler.update(PreparedStatementHandler.java:46) [mybatis-3.4.6.jar:3.4.6]
	at org.apache.ibatis.executor.statement.RoutingStatementHandler.update(RoutingStatementHandler.java:74) [mybatis-3.4.6.jar:3.4.6]
	at sun.reflect.GeneratedMethodAccessor167.invoke(Unknown Source) ~[na:na]
	at sun.reflect.DelegatingMethodAccessorImpl.invoke(DelegatingMethodAccessorImpl.java:43) ~[na:1.8.0_144]
	at java.lang.reflect.Method.invoke(Method.java:498) ~[na:1.8.0_144]
	at org.apache.ibatis.plugin.Invocation.proceed(Invocation.java:49) [mybatis-3.4.6.jar:3.4.6]
	at com.baomidou.mybatisplus.plugins.PerformanceInterceptor.intercept(PerformanceInterceptor.java:156) [mybatis-plus-core-2.3.jar:na]
	at org.apache.ibatis.plugin.Plugin.invoke(Plugin.java:61) [mybatis-3.4.6.jar:3.4.6]
	at com.sun.proxy.$Proxy288.update(Unknown Source) [na:na]
	at sun.reflect.GeneratedMethodAccessor167.invoke(Unknown Source) ~[na:na]
	at sun.reflect.DelegatingMethodAccessorImpl.invoke(DelegatingMethodAccessorImpl.java:43) ~[na:1.8.0_144]
	at java.lang.reflect.Method.invoke(Method.java:498) ~[na:1.8.0_144]
	at org.apache.ibatis.plugin.Plugin.invoke(Plugin.java:63) [mybatis-3.4.6.jar:3.4.6]
	at com.sun.proxy.$Proxy288.update(Unknown Source) [na:na]
	at org.apache.ibatis.executor.SimpleExecutor.doUpdate(SimpleExecutor.java:50) [mybatis-3.4.6.jar:3.4.6]
	at org.apache.ibatis.executor.BaseExecutor.update(BaseExecutor.java:117) [mybatis-3.4.6.jar:3.4.6]
	at sun.reflect.GeneratedMethodAccessor164.invoke(Unknown Source) ~[na:na]
	at sun.reflect.DelegatingMethodAccessorImpl.invoke(DelegatingMethodAccessorImpl.java:43) ~[na:1.8.0_144]
	at java.lang.reflect.Method.invoke(Method.java:498) ~[na:1.8.0_144]
	at org.apache.ibatis.plugin.Invocation.proceed(Invocation.java:49) [mybatis-3.4.6.jar:3.4.6]
	at com.baomidou.mybatisplus.plugins.SqlExplainInterceptor.intercept(SqlExplainInterceptor.java:88) [mybatis-plus-core-2.3.jar:na]
	at org.apache.ibatis.plugin.Plugin.invoke(Plugin.java:61) [mybatis-3.4.6.jar:3.4.6]
	at com.sun.proxy.$Proxy287.update(Unknown Source) [na:na]
	at sun.reflect.GeneratedMethodAccessor164.invoke(Unknown Source) ~[na:na]
	at sun.reflect.DelegatingMethodAccessorImpl.invoke(DelegatingMethodAccessorImpl.java:43) ~[na:1.8.0_144]
	at java.lang.reflect.Method.invoke(Method.java:498) ~[na:1.8.0_144]
	at org.apache.ibatis.plugin.Invocation.proceed(Invocation.java:49) [mybatis-3.4.6.jar:3.4.6]
	at com.baomidou.mybatisplus.plugins.OptimisticLockerInterceptor.intercept(OptimisticLockerInterceptor.java:71) [mybatis-plus-core-2.3.jar:na]
	at org.apache.ibatis.plugin.Plugin.invoke(Plugin.java:61) [mybatis-3.4.6.jar:3.4.6]
	at com.sun.proxy.$Proxy287.update(Unknown Source) [na:na]
	at org.apache.ibatis.session.defaults.DefaultSqlSession.update(DefaultSqlSession.java:198) [mybatis-3.4.6.jar:3.4.6]
	at org.apache.ibatis.session.defaults.DefaultSqlSession.insert(DefaultSqlSession.java:185) [mybatis-3.4.6.jar:3.4.6]
	at sun.reflect.NativeMethodAccessorImpl.invoke0(Native Method) ~[na:1.8.0_144]
	at sun.reflect.NativeMethodAccessorImpl.invoke(NativeMethodAccessorImpl.java:62) ~[na:1.8.0_144]
	at sun.reflect.DelegatingMethodAccessorImpl.invoke(DelegatingMethodAccessorImpl.java:43) ~[na:1.8.0_144]
	at java.lang.reflect.Method.invoke(Method.java:498) ~[na:1.8.0_144]
	at org.mybatis.spring.SqlSessionTemplate$SqlSessionInterceptor.invoke(SqlSessionTemplate.java:433) [mybatis-spring-1.3.2.jar:1.3.2]
	at com.sun.proxy.$Proxy141.insert(Unknown Source) [na:na]
	at org.mybatis.spring.SqlSessionTemplate.insert(SqlSessionTemplate.java:278) [mybatis-spring-1.3.2.jar:1.3.2]
	at org.apache.ibatis.binding.MapperMethod.execute(MapperMethod.java:58) [mybatis-3.4.6.jar:3.4.6]
	at org.apache.ibatis.binding.MapperProxy.invoke(MapperProxy.java:59) [mybatis-3.4.6.jar:3.4.6]
	at com.sun.proxy.$Proxy266.insert(Unknown Source) [na:na]
	at com.baomidou.mybatisplus.service.impl.ServiceImpl.insert(ServiceImpl.java:98) [mybatis-plus-support-2.3.jar:na]
	at com.baomidou.mybatisplus.service.impl.ServiceImpl$$FastClassBySpringCGLIB$$3e2398a4.invoke(<generated>) [mybatis-plus-support-2.3.jar:na]
	at org.springframework.cglib.proxy.MethodProxy.invoke(MethodProxy.java:204) [spring-core-5.0.7.RELEASE.jar:5.0.7.RELEASE]
	at org.springframework.aop.framework.CglibAopProxy$CglibMethodInvocation.invokeJoinpoint(CglibAopProxy.java:746) [spring-aop-5.0.7.RELEASE.jar:5.0.7.RELEASE]
	at org.springframework.aop.framework.ReflectiveMethodInvocation.proceed(ReflectiveMethodInvocation.java:163) [spring-aop-5.0.7.RELEASE.jar:5.0.7.RELEASE]
	at org.springframework.transaction.interceptor.TransactionAspectSupport.invokeWithinTransaction(TransactionAspectSupport.java:294) ~[spring-tx-5.0.7.RELEASE.jar:5.0.7.RELEASE]
	at org.springframework.transaction.interceptor.TransactionInterceptor.invoke(TransactionInterceptor.java:98) ~[spring-tx-5.0.7.RELEASE.jar:5.0.7.RELEASE]
	at org.springframework.aop.framework.ReflectiveMethodInvocation.proceed(ReflectiveMethodInvocation.java:185) [spring-aop-5.0.7.RELEASE.jar:5.0.7.RELEASE]
	at org.springframework.aop.framework.CglibAopProxy$DynamicAdvisedInterceptor.intercept(CglibAopProxy.java:688) ~[spring-aop-5.0.7.RELEASE.jar:5.0.7.RELEASE]
	at cn.wind.db.bc.service.impl.BcPkWeekRecordServiceImpl$$EnhancerBySpringCGLIB$$af9b67db.insert(<generated>) ~[classes/:na]
	at cn.wind.xboot.tencent.logic.RoomMgr.creatRoom(RoomMgr.java:230) ~[classes/:na]
	at cn.wind.xboot.tencent.logic.RoomMgr$$FastClassBySpringCGLIB$$7d027e5d.invoke(<generated>) ~[classes/:na]
	at org.springframework.cglib.proxy.MethodProxy.invoke(MethodProxy.java:204) [spring-core-5.0.7.RELEASE.jar:5.0.7.RELEASE]
	at org.springframework.aop.framework.CglibAopProxy$CglibMethodInvocation.invokeJoinpoint(CglibAopProxy.java:746) [spring-aop-5.0.7.RELEASE.jar:5.0.7.RELEASE]
	at org.springframework.aop.framework.ReflectiveMethodInvocation.proceed(ReflectiveMethodInvocation.java:163) [spring-aop-5.0.7.RELEASE.jar:5.0.7.RELEASE]
	at org.springframework.transaction.interceptor.TransactionAspectSupport.invokeWithinTransaction(TransactionAspectSupport.java:294) ~[spring-tx-5.0.7.RELEASE.jar:5.0.7.RELEASE]
	at org.springframework.transaction.interceptor.TransactionInterceptor.invoke(TransactionInterceptor.java:98) ~[spring-tx-5.0.7.RELEASE.jar:5.0.7.RELEASE]
	at org.springframework.aop.framework.ReflectiveMethodInvocation.proceed(ReflectiveMethodInvocation.java:185) [spring-aop-5.0.7.RELEASE.jar:5.0.7.RELEASE]
	at org.springframework.aop.framework.CglibAopProxy$DynamicAdvisedInterceptor.intercept(CglibAopProxy.java:688) ~[spring-aop-5.0.7.RELEASE.jar:5.0.7.RELEASE]
	at cn.wind.xboot.tencent.logic.RoomMgr$$EnhancerBySpringCGLIB$$e43e11f5.creatRoom(<generated>) ~[classes/:na]
	at cn.wind.xboot.tencent.service.impl.RoomServiceImpl.createRoom(RoomServiceImpl.java:156) ~[classes/:na]
	at cn.wind.xboot.tencent.controller.LiveRoom.create_room(LiveRoom.java:60) ~[classes/:na]
	at sun.reflect.NativeMethodAccessorImpl.invoke0(Native Method) ~[na:1.8.0_144]
	at sun.reflect.NativeMethodAccessorImpl.invoke(NativeMethodAccessorImpl.java:62) ~[na:1.8.0_144]
	at sun.reflect.DelegatingMethodAccessorImpl.invoke(DelegatingMethodAccessorImpl.java:43) ~[na:1.8.0_144]
	at java.lang.reflect.Method.invoke(Method.java:498) ~[na:1.8.0_144]
	at org.springframework.web.method.support.InvocableHandlerMethod.doInvoke(InvocableHandlerMethod.java:209) ~[spring-web-5.0.7.RELEASE.jar:5.0.7.RELEASE]
	at org.springframework.web.method.support.InvocableHandlerMethod.invokeForRequest(InvocableHandlerMethod.java:136) ~[spring-web-5.0.7.RELEASE.jar:5.0.7.RELEASE]
	at org.springframework.web.servlet.mvc.method.annotation.ServletInvocableHandlerMethod.invokeAndHandle(ServletInvocableHandlerMethod.java:102) ~[spring-webmvc-5.0.7.RELEASE.jar:5.0.7.RELEASE]
	at org.springframework.web.servlet.mvc.method.annotation.RequestMappingHandlerAdapter.invokeHandlerMethod(RequestMappingHandlerAdapter.java:877) ~[spring-webmvc-5.0.7.RELEASE.jar:5.0.7.RELEASE]
	at org.springframework.web.servlet.mvc.method.annotation.RequestMappingHandlerAdapter.handleInternal(RequestMappingHandlerAdapter.java:783) ~[spring-webmvc-5.0.7.RELEASE.jar:5.0.7.RELEASE]
	at org.springframework.web.servlet.mvc.method.AbstractHandlerMethodAdapter.handle(AbstractHandlerMethodAdapter.java:87) ~[spring-webmvc-5.0.7.RELEASE.jar:5.0.7.RELEASE]
	at org.springframework.web.servlet.DispatcherServlet.doDispatch(DispatcherServlet.java:991) ~[spring-webmvc-5.0.7.RELEASE.jar:5.0.7.RELEASE]
	at org.springframework.web.servlet.DispatcherServlet.doService(DispatcherServlet.java:925) ~[spring-webmvc-5.0.7.RELEASE.jar:5.0.7.RELEASE]
	at org.springframework.web.servlet.FrameworkServlet.processRequest(FrameworkServlet.java:974) ~[spring-webmvc-5.0.7.RELEASE.jar:5.0.7.RELEASE]
	at org.springframework.web.servlet.FrameworkServlet.doPost(FrameworkServlet.java:877) ~[spring-webmvc-5.0.7.RELEASE.jar:5.0.7.RELEASE]
	at javax.servlet.http.HttpServlet.service(HttpServlet.java:661) ~[tomcat-embed-core-8.5.31.jar:8.5.31]
	at org.springframework.web.servlet.FrameworkServlet.service(FrameworkServlet.java:851) ~[spring-webmvc-5.0.7.RELEASE.jar:5.0.7.RELEASE]
	at javax.servlet.http.HttpServlet.service(HttpServlet.java:742) ~[tomcat-embed-core-8.5.31.jar:8.5.31]
	at org.apache.catalina.core.ApplicationFilterChain.internalDoFilter(ApplicationFilterChain.java:231) ~[tomcat-embed-core-8.5.31.jar:8.5.31]
	at org.apache.catalina.core.ApplicationFilterChain.doFilter(ApplicationFilterChain.java:166) ~[tomcat-embed-core-8.5.31.jar:8.5.31]
	at org.apache.tomcat.websocket.server.WsFilter.doFilter(WsFilter.java:52) ~[tomcat-embed-websocket-8.5.31.jar:8.5.31]
	at org.apache.catalina.core.ApplicationFilterChain.internalDoFilter(ApplicationFilterChain.java:193) ~[tomcat-embed-core-8.5.31.jar:8.5.31]
	at org.apache.catalina.core.ApplicationFilterChain.doFilter(ApplicationFilterChain.java:166) ~[tomcat-embed-core-8.5.31.jar:8.5.31]
	at cn.wind.auth.security.handler.MyFilterSecurityInterceptor.invoke(MyFilterSecurityInterceptor.java:49) ~[classes/:na]
	at cn.wind.auth.security.handler.MyFilterSecurityInterceptor.doFilter(MyFilterSecurityInterceptor.java:42) ~[classes/:na]
	at org.apache.catalina.core.ApplicationFilterChain.internalDoFilter(ApplicationFilterChain.java:193) ~[tomcat-embed-core-8.5.31.jar:8.5.31]
	at org.apache.catalina.core.ApplicationFilterChain.doFilter(ApplicationFilterChain.java:166) ~[tomcat-embed-core-8.5.31.jar:8.5.31]
	at org.springframework.boot.actuate.metrics.web.servlet.WebMvcMetricsFilter.filterAndRecordMetrics(WebMvcMetricsFilter.java:158) ~[spring-boot-actuator-2.0.3.RELEASE.jar:2.0.3.RELEASE]
	at org.springframework.boot.actuate.metrics.web.servlet.WebMvcMetricsFilter.filterAndRecordMetrics(WebMvcMetricsFilter.java:126) ~[spring-boot-actuator-2.0.3.RELEASE.jar:2.0.3.RELEASE]
	at org.springframework.boot.actuate.metrics.web.servlet.WebMvcMetricsFilter.doFilterInternal(WebMvcMetricsFilter.java:111) ~[spring-boot-actuator-2.0.3.RELEASE.jar:2.0.3.RELEASE]
	at org.springframework.web.filter.OncePerRequestFilter.doFilter(OncePerRequestFilter.java:107) ~[spring-web-5.0.7.RELEASE.jar:5.0.7.RELEASE]
	at org.apache.catalina.core.ApplicationFilterChain.internalDoFilter(ApplicationFilterChain.java:193) ~[tomcat-embed-core-8.5.31.jar:8.5.31]
	at org.apache.catalina.core.ApplicationFilterChain.doFilter(ApplicationFilterChain.java:166) ~[tomcat-embed-core-8.5.31.jar:8.5.31]
	at com.alibaba.druid.support.http.WebStatFilter.doFilter(WebStatFilter.java:123) ~[druid-1.1.10.jar:1.1.10]
	at org.apache.catalina.core.ApplicationFilterChain.internalDoFilter(ApplicationFilterChain.java:193) ~[tomcat-embed-core-8.5.31.jar:8.5.31]
	at org.apache.catalina.core.ApplicationFilterChain.doFilter(ApplicationFilterChain.java:166) ~[tomcat-embed-core-8.5.31.jar:8.5.31]
	at org.springframework.boot.actuate.web.trace.servlet.HttpTraceFilter.doFilterInternal(HttpTraceFilter.java:90) ~[spring-boot-actuator-2.0.3.RELEASE.jar:2.0.3.RELEASE]
	at org.springframework.web.filter.OncePerRequestFilter.doFilter(OncePerRequestFilter.java:107) ~[spring-web-5.0.7.RELEASE.jar:5.0.7.RELEASE]
	at org.apache.catalina.core.ApplicationFilterChain.internalDoFilter(ApplicationFilterChain.java:193) ~[tomcat-embed-core-8.5.31.jar:8.5.31]
	at org.apache.catalina.core.ApplicationFilterChain.doFilter(ApplicationFilterChain.java:166) ~[tomcat-embed-core-8.5.31.jar:8.5.31]
	at org.springframework.security.web.FilterChainProxy$VirtualFilterChain.doFilter(FilterChainProxy.java:320) ~[spring-security-web-5.0.5.RELEASE.jar:5.0.5.RELEASE]
	at org.springframework.security.web.access.intercept.FilterSecurityInterceptor.invoke(FilterSecurityInterceptor.java:127) ~[spring-security-web-5.0.5.RELEASE.jar:5.0.5.RELEASE]
	at org.springframework.security.web.access.intercept.FilterSecurityInterceptor.doFilter(FilterSecurityInterceptor.java:91) ~[spring-security-web-5.0.5.RELEASE.jar:5.0.5.RELEASE]
	at org.springframework.security.web.FilterChainProxy$VirtualFilterChain.doFilter(FilterChainProxy.java:334) ~[spring-security-web-5.0.5.RELEASE.jar:5.0.5.RELEASE]
	at org.springframework.security.web.access.ExceptionTranslationFilter.doFilter(ExceptionTranslationFilter.java:119) ~[spring-security-web-5.0.5.RELEASE.jar:5.0.5.RELEASE]
	at org.springframework.security.web.FilterChainProxy$VirtualFilterChain.doFilter(FilterChainProxy.java:334) ~[spring-security-web-5.0.5.RELEASE.jar:5.0.5.RELEASE]
	at org.springframework.security.web.session.SessionManagementFilter.doFilter(SessionManagementFilter.java:137) ~[spring-security-web-5.0.5.RELEASE.jar:5.0.5.RELEASE]
	at org.springframework.security.web.FilterChainProxy$VirtualFilterChain.doFilter(FilterChainProxy.java:334) ~[spring-security-web-5.0.5.RELEASE.jar:5.0.5.RELEASE]
	at org.springframework.security.web.authentication.AnonymousAuthenticationFilter.doFilter(AnonymousAuthenticationFilter.java:111) ~[spring-security-web-5.0.5.RELEASE.jar:5.0.5.RELEASE]
	at org.springframework.security.web.FilterChainProxy$VirtualFilterChain.doFilter(FilterChainProxy.java:334) ~[spring-security-web-5.0.5.RELEASE.jar:5.0.5.RELEASE]
	at org.springframework.security.web.servletapi.SecurityContextHolderAwareRequestFilter.doFilter(SecurityContextHolderAwareRequestFilter.java:170) ~[spring-security-web-5.0.5.RELEASE.jar:5.0.5.RELEASE]
	at org.springframework.security.web.FilterChainProxy$VirtualFilterChain.doFilter(FilterChainProxy.java:334) ~[spring-security-web-5.0.5.RELEASE.jar:5.0.5.RELEASE]
	at org.springframework.security.web.savedrequest.RequestCacheAwareFilter.doFilter(RequestCacheAwareFilter.java:63) ~[spring-security-web-5.0.5.RELEASE.jar:5.0.5.RELEASE]
	at org.springframework.security.web.FilterChainProxy$VirtualFilterChain.doFilter(FilterChainProxy.java:334) ~[spring-security-web-5.0.5.RELEASE.jar:5.0.5.RELEASE]
	at org.springframework.security.web.authentication.logout.LogoutFilter.doFilter(LogoutFilter.java:116) ~[spring-security-web-5.0.5.RELEASE.jar:5.0.5.RELEASE]
	at org.springframework.security.web.FilterChainProxy$VirtualFilterChain.doFilter(FilterChainProxy.java:334) ~[spring-security-web-5.0.5.RELEASE.jar:5.0.5.RELEASE]
	at org.springframework.security.web.header.HeaderWriterFilter.doFilterInternal(HeaderWriterFilter.java:66) ~[spring-security-web-5.0.5.RELEASE.jar:5.0.5.RELEASE]
	at org.springframework.web.filter.OncePerRequestFilter.doFilter(OncePerRequestFilter.java:107) ~[spring-web-5.0.7.RELEASE.jar:5.0.7.RELEASE]
	at org.springframework.security.web.FilterChainProxy$VirtualFilterChain.doFilter(FilterChainProxy.java:334) ~[spring-security-web-5.0.5.RELEASE.jar:5.0.5.RELEASE]
	at org.springframework.security.web.context.SecurityContextPersistenceFilter.doFilter(SecurityContextPersistenceFilter.java:105) ~[spring-security-web-5.0.5.RELEASE.jar:5.0.5.RELEASE]
	at org.springframework.security.web.FilterChainProxy$VirtualFilterChain.doFilter(FilterChainProxy.java:334) ~[spring-security-web-5.0.5.RELEASE.jar:5.0.5.RELEASE]
	at org.springframework.security.web.context.request.async.WebAsyncManagerIntegrationFilter.doFilterInternal(WebAsyncManagerIntegrationFilter.java:56) ~[spring-security-web-5.0.5.RELEASE.jar:5.0.5.RELEASE]
	at org.springframework.web.filter.OncePerRequestFilter.doFilter(OncePerRequestFilter.java:107) ~[spring-web-5.0.7.RELEASE.jar:5.0.7.RELEASE]
	at org.springframework.security.web.FilterChainProxy$VirtualFilterChain.doFilter(FilterChainProxy.java:334) ~[spring-security-web-5.0.5.RELEASE.jar:5.0.5.RELEASE]
	at org.springframework.security.web.FilterChainProxy.doFilterInternal(FilterChainProxy.java:215) ~[spring-security-web-5.0.5.RELEASE.jar:5.0.5.RELEASE]
	at org.springframework.security.web.FilterChainProxy.doFilter(FilterChainProxy.java:178) ~[spring-security-web-5.0.5.RELEASE.jar:5.0.5.RELEASE]
	at org.springframework.web.filter.DelegatingFilterProxy.invokeDelegate(DelegatingFilterProxy.java:357) ~[spring-web-5.0.7.RELEASE.jar:5.0.7.RELEASE]
	at org.springframework.web.filter.DelegatingFilterProxy.doFilter(DelegatingFilterProxy.java:270) ~[spring-web-5.0.7.RELEASE.jar:5.0.7.RELEASE]
	at org.apache.catalina.core.ApplicationFilterChain.internalDoFilter(ApplicationFilterChain.java:193) ~[tomcat-embed-core-8.5.31.jar:8.5.31]
	at org.apache.catalina.core.ApplicationFilterChain.doFilter(ApplicationFilterChain.java:166) ~[tomcat-embed-core-8.5.31.jar:8.5.31]
	at org.springframework.web.filter.CharacterEncodingFilter.doFilterInternal(CharacterEncodingFilter.java:200) ~[spring-web-5.0.7.RELEASE.jar:5.0.7.RELEASE]
	at org.springframework.web.filter.OncePerRequestFilter.doFilter(OncePerRequestFilter.java:107) ~[spring-web-5.0.7.RELEASE.jar:5.0.7.RELEASE]
	at org.apache.catalina.core.ApplicationFilterChain.internalDoFilter(ApplicationFilterChain.java:193) ~[tomcat-embed-core-8.5.31.jar:8.5.31]
	at org.apache.catalina.core.ApplicationFilterChain.doFilter(ApplicationFilterChain.java:166) ~[tomcat-embed-core-8.5.31.jar:8.5.31]
	at org.apache.catalina.core.StandardWrapperValve.invoke(StandardWrapperValve.java:198) ~[tomcat-embed-core-8.5.31.jar:8.5.31]
	at org.apache.catalina.core.StandardContextValve.invoke(StandardContextValve.java:96) ~[tomcat-embed-core-8.5.31.jar:8.5.31]
	at org.apache.catalina.authenticator.AuthenticatorBase.invoke(AuthenticatorBase.java:496) ~[tomcat-embed-core-8.5.31.jar:8.5.31]
	at org.apache.catalina.core.StandardHostValve.invoke(StandardHostValve.java:140) ~[tomcat-embed-core-8.5.31.jar:8.5.31]
	at org.apache.catalina.valves.ErrorReportValve.invoke(ErrorReportValve.java:81) ~[tomcat-embed-core-8.5.31.jar:8.5.31]
	at org.apache.catalina.core.StandardEngineValve.invoke(StandardEngineValve.java:87) ~[tomcat-embed-core-8.5.31.jar:8.5.31]
	at org.apache.catalina.connector.CoyoteAdapter.service(CoyoteAdapter.java:342) ~[tomcat-embed-core-8.5.31.jar:8.5.31]
	at org.apache.coyote.http11.Http11Processor.service(Http11Processor.java:803) ~[tomcat-embed-core-8.5.31.jar:8.5.31]
	at org.apache.coyote.AbstractProcessorLight.process(AbstractProcessorLight.java:66) ~[tomcat-embed-core-8.5.31.jar:8.5.31]
	at org.apache.coyote.AbstractProtocol$ConnectionHandler.process(AbstractProtocol.java:790) ~[tomcat-embed-core-8.5.31.jar:8.5.31]
	at org.apache.tomcat.util.net.NioEndpoint$SocketProcessor.doRun(NioEndpoint.java:1468) ~[tomcat-embed-core-8.5.31.jar:8.5.31]
	at org.apache.tomcat.util.net.SocketProcessorBase.run(SocketProcessorBase.java:49) ~[tomcat-embed-core-8.5.31.jar:8.5.31]
	at java.util.concurrent.ThreadPoolExecutor.runWorker(ThreadPoolExecutor.java:1149) ~[na:1.8.0_144]
	at java.util.concurrent.ThreadPoolExecutor$Worker.run(ThreadPoolExecutor.java:624) ~[na:1.8.0_144]
	at org.apache.tomcat.util.threads.TaskThread$WrappingRunnable.run(TaskThread.java:61) ~[tomcat-embed-core-8.5.31.jar:8.5.31]
	at java.lang.Thread.run(Thread.java:748) ~[na:1.8.0_144]

2018-08-30 10:56:23.803 ERROR 45680 --- [http-nio-8899-exec-8] o.a.c.c.C.[.[.[/].[dispatcherServlet]    : Servlet.service() for servlet [dispatcherServlet] in context with path [] threw exception [Request processing failed; nested exception is org.springframework.jdbc.BadSqlGrammarException: 
### Error updating database.  Cause: com.mysql.jdbc.exceptions.jdbc4.MySQLSyntaxErrorException: Unknown column 'create_time' in 'field list'
### The error may involve cn.wind.db.bc.dao.BcPkWeekRecordMapper.insert-Inline
### The error occurred while setting parameters
### SQL: INSERT INTO cx_bc_pk_week_record   ( id,  bc_user_id,  pk_wins,  win_num,  failure_num,  draw_num,  live_earnings,  week_no,  year_no,  category,create_time,create_by,modify_time,modify_by )  VALUES   ( ?,  ?,  ?,  ?,  ?,  ?,  ?,  ?,  ?,  ?,?,?,?,? )
### Cause: com.mysql.jdbc.exceptions.jdbc4.MySQLSyntaxErrorException: Unknown column 'create_time' in 'field list'
; bad SQL grammar []; nested exception is com.mysql.jdbc.exceptions.jdbc4.MySQLSyntaxErrorException: Unknown column 'create_time' in 'field list'] with root cause

com.mysql.jdbc.exceptions.jdbc4.MySQLSyntaxErrorException: Unknown column 'create_time' in 'field list'
	at sun.reflect.NativeConstructorAccessorImpl.newInstance0(Native Method) ~[na:1.8.0_144]
	at sun.reflect.NativeConstructorAccessorImpl.newInstance(NativeConstructorAccessorImpl.java:62) ~[na:1.8.0_144]
	at sun.reflect.DelegatingConstructorAccessorImpl.newInstance(DelegatingConstructorAccessorImpl.java:45) ~[na:1.8.0_144]
	at java.lang.reflect.Constructor.newInstance(Constructor.java:423) ~[na:1.8.0_144]
	at com.mysql.jdbc.Util.handleNewInstance(Util.java:425) ~[mysql-connector-java-5.1.46.jar:5.1.46]
	at com.mysql.jdbc.Util.getInstance(Util.java:408) ~[mysql-connector-java-5.1.46.jar:5.1.46]
	at com.mysql.jdbc.SQLError.createSQLException(SQLError.java:944) ~[mysql-connector-java-5.1.46.jar:5.1.46]
	at com.mysql.jdbc.MysqlIO.checkErrorPacket(MysqlIO.java:3976) ~[mysql-connector-java-5.1.46.jar:5.1.46]
	at com.mysql.jdbc.MysqlIO.checkErrorPacket(MysqlIO.java:3912) ~[mysql-connector-java-5.1.46.jar:5.1.46]
	at com.mysql.jdbc.MysqlIO.sendCommand(MysqlIO.java:2530) ~[mysql-connector-java-5.1.46.jar:5.1.46]
	at com.mysql.jdbc.MysqlIO.sqlQueryDirect(MysqlIO.java:2683) ~[mysql-connector-java-5.1.46.jar:5.1.46]
	at com.mysql.jdbc.ConnectionImpl.execSQL(ConnectionImpl.java:2486) ~[mysql-connector-java-5.1.46.jar:5.1.46]
	at com.mysql.jdbc.PreparedStatement.executeInternal(PreparedStatement.java:1858) ~[mysql-connector-java-5.1.46.jar:5.1.46]
	at com.mysql.jdbc.PreparedStatement.execute(PreparedStatement.java:1197) ~[mysql-connector-java-5.1.46.jar:5.1.46]
	at com.alibaba.druid.filter.FilterChainImpl.preparedStatement_execute(FilterChainImpl.java:3409) ~[druid-1.1.10.jar:1.1.10]
	at com.alibaba.druid.filter.FilterEventAdapter.preparedStatement_execute(FilterEventAdapter.java:440) ~[druid-1.1.10.jar:1.1.10]
	at com.alibaba.druid.filter.FilterChainImpl.preparedStatement_execute(FilterChainImpl.java:3407) ~[druid-1.1.10.jar:1.1.10]
	at com.alibaba.druid.wall.WallFilter.preparedStatement_execute(WallFilter.java:619) ~[druid-1.1.10.jar:1.1.10]
	at com.alibaba.druid.filter.FilterChainImpl.preparedStatement_execute(FilterChainImpl.java:3407) ~[druid-1.1.10.jar:1.1.10]
	at com.alibaba.druid.filter.FilterEventAdapter.preparedStatement_execute(FilterEventAdapter.java:440) ~[druid-1.1.10.jar:1.1.10]
	at com.alibaba.druid.filter.FilterChainImpl.preparedStatement_execute(FilterChainImpl.java:3407) ~[druid-1.1.10.jar:1.1.10]
	at com.alibaba.druid.proxy.jdbc.PreparedStatementProxyImpl.execute(PreparedStatementProxyImpl.java:167) ~[druid-1.1.10.jar:1.1.10]
	at com.alibaba.druid.pool.DruidPooledPreparedStatement.execute(DruidPooledPreparedStatement.java:498) ~[druid-1.1.10.jar:1.1.10]
	at org.apache.ibatis.executor.statement.PreparedStatementHandler.update(PreparedStatementHandler.java:46) ~[mybatis-3.4.6.jar:3.4.6]
	at org.apache.ibatis.executor.statement.RoutingStatementHandler.update(RoutingStatementHandler.java:74) ~[mybatis-3.4.6.jar:3.4.6]
	at sun.reflect.GeneratedMethodAccessor167.invoke(Unknown Source) ~[na:na]
	at sun.reflect.DelegatingMethodAccessorImpl.invoke(DelegatingMethodAccessorImpl.java:43) ~[na:1.8.0_144]
	at java.lang.reflect.Method.invoke(Method.java:498) ~[na:1.8.0_144]
	at org.apache.ibatis.plugin.Invocation.proceed(Invocation.java:49) ~[mybatis-3.4.6.jar:3.4.6]
	at com.baomidou.mybatisplus.plugins.PerformanceInterceptor.intercept(PerformanceInterceptor.java:156) ~[mybatis-plus-core-2.3.jar:na]
	at org.apache.ibatis.plugin.Plugin.invoke(Plugin.java:61) ~[mybatis-3.4.6.jar:3.4.6]
	at com.sun.proxy.$Proxy288.update(Unknown Source) ~[na:na]
	at sun.reflect.GeneratedMethodAccessor167.invoke(Unknown Source) ~[na:na]
	at sun.reflect.DelegatingMethodAccessorImpl.invoke(DelegatingMethodAccessorImpl.java:43) ~[na:1.8.0_144]
	at java.lang.reflect.Method.invoke(Method.java:498) ~[na:1.8.0_144]
	at org.apache.ibatis.plugin.Plugin.invoke(Plugin.java:63) ~[mybatis-3.4.6.jar:3.4.6]
	at com.sun.proxy.$Proxy288.update(Unknown Source) ~[na:na]
	at org.apache.ibatis.executor.SimpleExecutor.doUpdate(SimpleExecutor.java:50) ~[mybatis-3.4.6.jar:3.4.6]
	at org.apache.ibatis.executor.BaseExecutor.update(BaseExecutor.java:117) ~[mybatis-3.4.6.jar:3.4.6]
	at sun.reflect.GeneratedMethodAccessor164.invoke(Unknown Source) ~[na:na]
	at sun.reflect.DelegatingMethodAccessorImpl.invoke(DelegatingMethodAccessorImpl.java:43) ~[na:1.8.0_144]
	at java.lang.reflect.Method.invoke(Method.java:498) ~[na:1.8.0_144]
	at org.apache.ibatis.plugin.Invocation.proceed(Invocation.java:49) ~[mybatis-3.4.6.jar:3.4.6]
	at com.baomidou.mybatisplus.plugins.SqlExplainInterceptor.intercept(SqlExplainInterceptor.java:88) ~[mybatis-plus-core-2.3.jar:na]
	at org.apache.ibatis.plugin.Plugin.invoke(Plugin.java:61) ~[mybatis-3.4.6.jar:3.4.6]
	at com.sun.proxy.$Proxy287.update(Unknown Source) ~[na:na]
	at sun.reflect.GeneratedMethodAccessor164.invoke(Unknown Source) ~[na:na]
	at sun.reflect.DelegatingMethodAccessorImpl.invoke(DelegatingMethodAccessorImpl.java:43) ~[na:1.8.0_144]
	at java.lang.reflect.Method.invoke(Method.java:498) ~[na:1.8.0_144]
	at org.apache.ibatis.plugin.Invocation.proceed(Invocation.java:49) ~[mybatis-3.4.6.jar:3.4.6]
	at com.baomidou.mybatisplus.plugins.OptimisticLockerInterceptor.intercept(OptimisticLockerInterceptor.java:71) ~[mybatis-plus-core-2.3.jar:na]
	at org.apache.ibatis.plugin.Plugin.invoke(Plugin.java:61) ~[mybatis-3.4.6.jar:3.4.6]
	at com.sun.proxy.$Proxy287.update(Unknown Source) ~[na:na]
	at org.apache.ibatis.session.defaults.DefaultSqlSession.update(DefaultSqlSession.java:198) ~[mybatis-3.4.6.jar:3.4.6]
	at org.apache.ibatis.session.defaults.DefaultSqlSession.insert(DefaultSqlSession.java:185) ~[mybatis-3.4.6.jar:3.4.6]
	at sun.reflect.NativeMethodAccessorImpl.invoke0(Native Method) ~[na:1.8.0_144]
	at sun.reflect.NativeMethodAccessorImpl.invoke(NativeMethodAccessorImpl.java:62) ~[na:1.8.0_144]
	at sun.reflect.DelegatingMethodAccessorImpl.invoke(DelegatingMethodAccessorImpl.java:43) ~[na:1.8.0_144]
	at java.lang.reflect.Method.invoke(Method.java:498) ~[na:1.8.0_144]
	at org.mybatis.spring.SqlSessionTemplate$SqlSessionInterceptor.invoke(SqlSessionTemplate.java:433) ~[mybatis-spring-1.3.2.jar:1.3.2]
	at com.sun.proxy.$Proxy141.insert(Unknown Source) ~[na:na]
	at org.mybatis.spring.SqlSessionTemplate.insert(SqlSessionTemplate.java:278) ~[mybatis-spring-1.3.2.jar:1.3.2]
	at org.apache.ibatis.binding.MapperMethod.execute(MapperMethod.java:58) ~[mybatis-3.4.6.jar:3.4.6]
	at org.apache.ibatis.binding.MapperProxy.invoke(MapperProxy.java:59) ~[mybatis-3.4.6.jar:3.4.6]
	at com.sun.proxy.$Proxy266.insert(Unknown Source) ~[na:na]
	at com.baomidou.mybatisplus.service.impl.ServiceImpl.insert(ServiceImpl.java:98) ~[mybatis-plus-support-2.3.jar:na]
	at com.baomidou.mybatisplus.service.impl.ServiceImpl$$FastClassBySpringCGLIB$$3e2398a4.invoke(<generated>) ~[mybatis-plus-support-2.3.jar:na]
	at org.springframework.cglib.proxy.MethodProxy.invoke(MethodProxy.java:204) ~[spring-core-5.0.7.RELEASE.jar:5.0.7.RELEASE]
	at org.springframework.aop.framework.CglibAopProxy$CglibMethodInvocation.invokeJoinpoint(CglibAopProxy.java:746) ~[spring-aop-5.0.7.RELEASE.jar:5.0.7.RELEASE]
	at org.springframework.aop.framework.ReflectiveMethodInvocation.proceed(ReflectiveMethodInvocation.java:163) ~[spring-aop-5.0.7.RELEASE.jar:5.0.7.RELEASE]
	at org.springframework.transaction.interceptor.TransactionAspectSupport.invokeWithinTransaction(TransactionAspectSupport.java:294) ~[spring-tx-5.0.7.RELEASE.jar:5.0.7.RELEASE]
	at org.springframework.transaction.interceptor.TransactionInterceptor.invoke(TransactionInterceptor.java:98) ~[spring-tx-5.0.7.RELEASE.jar:5.0.7.RELEASE]
	at org.springframework.aop.framework.ReflectiveMethodInvocation.proceed(ReflectiveMethodInvocation.java:185) ~[spring-aop-5.0.7.RELEASE.jar:5.0.7.RELEASE]
	at org.springframework.aop.framework.CglibAopProxy$DynamicAdvisedInterceptor.intercept(CglibAopProxy.java:688) ~[spring-aop-5.0.7.RELEASE.jar:5.0.7.RELEASE]
	at cn.wind.db.bc.service.impl.BcPkWeekRecordServiceImpl$$EnhancerBySpringCGLIB$$af9b67db.insert(<generated>) ~[classes/:na]
	at cn.wind.xboot.tencent.logic.RoomMgr.creatRoom(RoomMgr.java:230) ~[classes/:na]
	at cn.wind.xboot.tencent.logic.RoomMgr$$FastClassBySpringCGLIB$$7d027e5d.invoke(<generated>) ~[classes/:na]
	at org.springframework.cglib.proxy.MethodProxy.invoke(MethodProxy.java:204) ~[spring-core-5.0.7.RELEASE.jar:5.0.7.RELEASE]
	at org.springframework.aop.framework.CglibAopProxy$CglibMethodInvocation.invokeJoinpoint(CglibAopProxy.java:746) ~[spring-aop-5.0.7.RELEASE.jar:5.0.7.RELEASE]
	at org.springframework.aop.framework.ReflectiveMethodInvocation.proceed(ReflectiveMethodInvocation.java:163) ~[spring-aop-5.0.7.RELEASE.jar:5.0.7.RELEASE]
	at org.springframework.transaction.interceptor.TransactionAspectSupport.invokeWithinTransaction(TransactionAspectSupport.java:294) ~[spring-tx-5.0.7.RELEASE.jar:5.0.7.RELEASE]
	at org.springframework.transaction.interceptor.TransactionInterceptor.invoke(TransactionInterceptor.java:98) ~[spring-tx-5.0.7.RELEASE.jar:5.0.7.RELEASE]
	at org.springframework.aop.framework.ReflectiveMethodInvocation.proceed(ReflectiveMethodInvocation.java:185) ~[spring-aop-5.0.7.RELEASE.jar:5.0.7.RELEASE]
	at org.springframework.aop.framework.CglibAopProxy$DynamicAdvisedInterceptor.intercept(CglibAopProxy.java:688) ~[spring-aop-5.0.7.RELEASE.jar:5.0.7.RELEASE]
	at cn.wind.xboot.tencent.logic.RoomMgr$$EnhancerBySpringCGLIB$$e43e11f5.creatRoom(<generated>) ~[classes/:na]
	at cn.wind.xboot.tencent.service.impl.RoomServiceImpl.createRoom(RoomServiceImpl.java:156) ~[classes/:na]
	at cn.wind.xboot.tencent.controller.LiveRoom.create_room(LiveRoom.java:60) ~[classes/:na]
	at sun.reflect.NativeMethodAccessorImpl.invoke0(Native Method) ~[na:1.8.0_144]
	at sun.reflect.NativeMethodAccessorImpl.invoke(NativeMethodAccessorImpl.java:62) ~[na:1.8.0_144]
	at sun.reflect.DelegatingMethodAccessorImpl.invoke(DelegatingMethodAccessorImpl.java:43) ~[na:1.8.0_144]
	at java.lang.reflect.Method.invoke(Method.java:498) ~[na:1.8.0_144]
	at org.springframework.web.method.support.InvocableHandlerMethod.doInvoke(InvocableHandlerMethod.java:209) ~[spring-web-5.0.7.RELEASE.jar:5.0.7.RELEASE]
	at org.springframework.web.method.support.InvocableHandlerMethod.invokeForRequest(InvocableHandlerMethod.java:136) ~[spring-web-5.0.7.RELEASE.jar:5.0.7.RELEASE]
	at org.springframework.web.servlet.mvc.method.annotation.ServletInvocableHandlerMethod.invokeAndHandle(ServletInvocableHandlerMethod.java:102) ~[spring-webmvc-5.0.7.RELEASE.jar:5.0.7.RELEASE]
	at org.springframework.web.servlet.mvc.method.annotation.RequestMappingHandlerAdapter.invokeHandlerMethod(RequestMappingHandlerAdapter.java:877) ~[spring-webmvc-5.0.7.RELEASE.jar:5.0.7.RELEASE]
	at org.springframework.web.servlet.mvc.method.annotation.RequestMappingHandlerAdapter.handleInternal(RequestMappingHandlerAdapter.java:783) ~[spring-webmvc-5.0.7.RELEASE.jar:5.0.7.RELEASE]
	at org.springframework.web.servlet.mvc.method.AbstractHandlerMethodAdapter.handle(AbstractHandlerMethodAdapter.java:87) ~[spring-webmvc-5.0.7.RELEASE.jar:5.0.7.RELEASE]
	at org.springframework.web.servlet.DispatcherServlet.doDispatch(DispatcherServlet.java:991) ~[spring-webmvc-5.0.7.RELEASE.jar:5.0.7.RELEASE]
	at org.springframework.web.servlet.DispatcherServlet.doService(DispatcherServlet.java:925) ~[spring-webmvc-5.0.7.RELEASE.jar:5.0.7.RELEASE]
	at org.springframework.web.servlet.FrameworkServlet.processRequest(FrameworkServlet.java:974) ~[spring-webmvc-5.0.7.RELEASE.jar:5.0.7.RELEASE]
	at org.springframework.web.servlet.FrameworkServlet.doPost(FrameworkServlet.java:877) ~[spring-webmvc-5.0.7.RELEASE.jar:5.0.7.RELEASE]
	at javax.servlet.http.HttpServlet.service(HttpServlet.java:661) ~[tomcat-embed-core-8.5.31.jar:8.5.31]
	at org.springframework.web.servlet.FrameworkServlet.service(FrameworkServlet.java:851) ~[spring-webmvc-5.0.7.RELEASE.jar:5.0.7.RELEASE]
	at javax.servlet.http.HttpServlet.service(HttpServlet.java:742) ~[tomcat-embed-core-8.5.31.jar:8.5.31]
	at org.apache.catalina.core.ApplicationFilterChain.internalDoFilter(ApplicationFilterChain.java:231) ~[tomcat-embed-core-8.5.31.jar:8.5.31]
	at org.apache.catalina.core.ApplicationFilterChain.doFilter(ApplicationFilterChain.java:166) ~[tomcat-embed-core-8.5.31.jar:8.5.31]
	at org.apache.tomcat.websocket.server.WsFilter.doFilter(WsFilter.java:52) ~[tomcat-embed-websocket-8.5.31.jar:8.5.31]
	at org.apache.catalina.core.ApplicationFilterChain.internalDoFilter(ApplicationFilterChain.java:193) ~[tomcat-embed-core-8.5.31.jar:8.5.31]
	at org.apache.catalina.core.ApplicationFilterChain.doFilter(ApplicationFilterChain.java:166) ~[tomcat-embed-core-8.5.31.jar:8.5.31]
	at cn.wind.auth.security.handler.MyFilterSecurityInterceptor.invoke(MyFilterSecurityInterceptor.java:49) ~[classes/:na]
	at cn.wind.auth.security.handler.MyFilterSecurityInterceptor.doFilter(MyFilterSecurityInterceptor.java:42) ~[classes/:na]
	at org.apache.catalina.core.ApplicationFilterChain.internalDoFilter(ApplicationFilterChain.java:193) ~[tomcat-embed-core-8.5.31.jar:8.5.31]
	at org.apache.catalina.core.ApplicationFilterChain.doFilter(ApplicationFilterChain.java:166) ~[tomcat-embed-core-8.5.31.jar:8.5.31]
	at org.springframework.boot.actuate.metrics.web.servlet.WebMvcMetricsFilter.filterAndRecordMetrics(WebMvcMetricsFilter.java:158) ~[spring-boot-actuator-2.0.3.RELEASE.jar:2.0.3.RELEASE]
	at org.springframework.boot.actuate.metrics.web.servlet.WebMvcMetricsFilter.filterAndRecordMetrics(WebMvcMetricsFilter.java:126) ~[spring-boot-actuator-2.0.3.RELEASE.jar:2.0.3.RELEASE]
	at org.springframework.boot.actuate.metrics.web.servlet.WebMvcMetricsFilter.doFilterInternal(WebMvcMetricsFilter.java:111) ~[spring-boot-actuator-2.0.3.RELEASE.jar:2.0.3.RELEASE]
	at org.springframework.web.filter.OncePerRequestFilter.doFilter(OncePerRequestFilter.java:107) ~[spring-web-5.0.7.RELEASE.jar:5.0.7.RELEASE]
	at org.apache.catalina.core.ApplicationFilterChain.internalDoFilter(ApplicationFilterChain.java:193) ~[tomcat-embed-core-8.5.31.jar:8.5.31]
	at org.apache.catalina.core.ApplicationFilterChain.doFilter(ApplicationFilterChain.java:166) ~[tomcat-embed-core-8.5.31.jar:8.5.31]
	at com.alibaba.druid.support.http.WebStatFilter.doFilter(WebStatFilter.java:123) ~[druid-1.1.10.jar:1.1.10]
	at org.apache.catalina.core.ApplicationFilterChain.internalDoFilter(ApplicationFilterChain.java:193) ~[tomcat-embed-core-8.5.31.jar:8.5.31]
	at org.apache.catalina.core.ApplicationFilterChain.doFilter(ApplicationFilterChain.java:166) ~[tomcat-embed-core-8.5.31.jar:8.5.31]
	at org.springframework.boot.actuate.web.trace.servlet.HttpTraceFilter.doFilterInternal(HttpTraceFilter.java:90) ~[spring-boot-actuator-2.0.3.RELEASE.jar:2.0.3.RELEASE]
	at org.springframework.web.filter.OncePerRequestFilter.doFilter(OncePerRequestFilter.java:107) ~[spring-web-5.0.7.RELEASE.jar:5.0.7.RELEASE]
	at org.apache.catalina.core.ApplicationFilterChain.internalDoFilter(ApplicationFilterChain.java:193) ~[tomcat-embed-core-8.5.31.jar:8.5.31]
	at org.apache.catalina.core.ApplicationFilterChain.doFilter(ApplicationFilterChain.java:166) ~[tomcat-embed-core-8.5.31.jar:8.5.31]
	at org.springframework.security.web.FilterChainProxy$VirtualFilterChain.doFilter(FilterChainProxy.java:320) ~[spring-security-web-5.0.5.RELEASE.jar:5.0.5.RELEASE]
	at org.springframework.security.web.access.intercept.FilterSecurityInterceptor.invoke(FilterSecurityInterceptor.java:127) ~[spring-security-web-5.0.5.RELEASE.jar:5.0.5.RELEASE]
	at org.springframework.security.web.access.intercept.FilterSecurityInterceptor.doFilter(FilterSecurityInterceptor.java:91) ~[spring-security-web-5.0.5.RELEASE.jar:5.0.5.RELEASE]
	at org.springframework.security.web.FilterChainProxy$VirtualFilterChain.doFilter(FilterChainProxy.java:334) ~[spring-security-web-5.0.5.RELEASE.jar:5.0.5.RELEASE]
	at org.springframework.security.web.access.ExceptionTranslationFilter.doFilter(ExceptionTranslationFilter.java:119) ~[spring-security-web-5.0.5.RELEASE.jar:5.0.5.RELEASE]
	at org.springframework.security.web.FilterChainProxy$VirtualFilterChain.doFilter(FilterChainProxy.java:334) ~[spring-security-web-5.0.5.RELEASE.jar:5.0.5.RELEASE]
	at org.springframework.security.web.session.SessionManagementFilter.doFilter(SessionManagementFilter.java:137) ~[spring-security-web-5.0.5.RELEASE.jar:5.0.5.RELEASE]
	at org.springframework.security.web.FilterChainProxy$VirtualFilterChain.doFilter(FilterChainProxy.java:334) ~[spring-security-web-5.0.5.RELEASE.jar:5.0.5.RELEASE]
	at org.springframework.security.web.authentication.AnonymousAuthenticationFilter.doFilter(AnonymousAuthenticationFilter.java:111) ~[spring-security-web-5.0.5.RELEASE.jar:5.0.5.RELEASE]
	at org.springframework.security.web.FilterChainProxy$VirtualFilterChain.doFilter(FilterChainProxy.java:334) ~[spring-security-web-5.0.5.RELEASE.jar:5.0.5.RELEASE]
	at org.springframework.security.web.servletapi.SecurityContextHolderAwareRequestFilter.doFilter(SecurityContextHolderAwareRequestFilter.java:170) ~[spring-security-web-5.0.5.RELEASE.jar:5.0.5.RELEASE]
	at org.springframework.security.web.FilterChainProxy$VirtualFilterChain.doFilter(FilterChainProxy.java:334) ~[spring-security-web-5.0.5.RELEASE.jar:5.0.5.RELEASE]
	at org.springframework.security.web.savedrequest.RequestCacheAwareFilter.doFilter(RequestCacheAwareFilter.java:63) ~[spring-security-web-5.0.5.RELEASE.jar:5.0.5.RELEASE]
	at org.springframework.security.web.FilterChainProxy$VirtualFilterChain.doFilter(FilterChainProxy.java:334) ~[spring-security-web-5.0.5.RELEASE.jar:5.0.5.RELEASE]
	at org.springframework.security.web.authentication.logout.LogoutFilter.doFilter(LogoutFilter.java:116) ~[spring-security-web-5.0.5.RELEASE.jar:5.0.5.RELEASE]
	at org.springframework.security.web.FilterChainProxy$VirtualFilterChain.doFilter(FilterChainProxy.java:334) ~[spring-security-web-5.0.5.RELEASE.jar:5.0.5.RELEASE]
	at org.springframework.security.web.header.HeaderWriterFilter.doFilterInternal(HeaderWriterFilter.java:66) ~[spring-security-web-5.0.5.RELEASE.jar:5.0.5.RELEASE]
	at org.springframework.web.filter.OncePerRequestFilter.doFilter(OncePerRequestFilter.java:107) ~[spring-web-5.0.7.RELEASE.jar:5.0.7.RELEASE]
	at org.springframework.security.web.FilterChainProxy$VirtualFilterChain.doFilter(FilterChainProxy.java:334) ~[spring-security-web-5.0.5.RELEASE.jar:5.0.5.RELEASE]
	at org.springframework.security.web.context.SecurityContextPersistenceFilter.doFilter(SecurityContextPersistenceFilter.java:105) ~[spring-security-web-5.0.5.RELEASE.jar:5.0.5.RELEASE]
	at org.springframework.security.web.FilterChainProxy$VirtualFilterChain.doFilter(FilterChainProxy.java:334) ~[spring-security-web-5.0.5.RELEASE.jar:5.0.5.RELEASE]
	at org.springframework.security.web.context.request.async.WebAsyncManagerIntegrationFilter.doFilterInternal(WebAsyncManagerIntegrationFilter.java:56) ~[spring-security-web-5.0.5.RELEASE.jar:5.0.5.RELEASE]
	at org.springframework.web.filter.OncePerRequestFilter.doFilter(OncePerRequestFilter.java:107) ~[spring-web-5.0.7.RELEASE.jar:5.0.7.RELEASE]
	at org.springframework.security.web.FilterChainProxy$VirtualFilterChain.doFilter(FilterChainProxy.java:334) ~[spring-security-web-5.0.5.RELEASE.jar:5.0.5.RELEASE]
	at org.springframework.security.web.FilterChainProxy.doFilterInternal(FilterChainProxy.java:215) ~[spring-security-web-5.0.5.RELEASE.jar:5.0.5.RELEASE]
	at org.springframework.security.web.FilterChainProxy.doFilter(FilterChainProxy.java:178) ~[spring-security-web-5.0.5.RELEASE.jar:5.0.5.RELEASE]
	at org.springframework.web.filter.DelegatingFilterProxy.invokeDelegate(DelegatingFilterProxy.java:357) ~[spring-web-5.0.7.RELEASE.jar:5.0.7.RELEASE]
	at org.springframework.web.filter.DelegatingFilterProxy.doFilter(DelegatingFilterProxy.java:270) ~[spring-web-5.0.7.RELEASE.jar:5.0.7.RELEASE]
	at org.apache.catalina.core.ApplicationFilterChain.internalDoFilter(ApplicationFilterChain.java:193) ~[tomcat-embed-core-8.5.31.jar:8.5.31]
	at org.apache.catalina.core.ApplicationFilterChain.doFilter(ApplicationFilterChain.java:166) ~[tomcat-embed-core-8.5.31.jar:8.5.31]
	at org.springframework.web.filter.CharacterEncodingFilter.doFilterInternal(CharacterEncodingFilter.java:200) ~[spring-web-5.0.7.RELEASE.jar:5.0.7.RELEASE]
	at org.springframework.web.filter.OncePerRequestFilter.doFilter(OncePerRequestFilter.java:107) ~[spring-web-5.0.7.RELEASE.jar:5.0.7.RELEASE]
	at org.apache.catalina.core.ApplicationFilterChain.internalDoFilter(ApplicationFilterChain.java:193) ~[tomcat-embed-core-8.5.31.jar:8.5.31]
	at org.apache.catalina.core.ApplicationFilterChain.doFilter(ApplicationFilterChain.java:166) ~[tomcat-embed-core-8.5.31.jar:8.5.31]
	at org.apache.catalina.core.StandardWrapperValve.invoke(StandardWrapperValve.java:198) ~[tomcat-embed-core-8.5.31.jar:8.5.31]
	at org.apache.catalina.core.StandardContextValve.invoke(StandardContextValve.java:96) [tomcat-embed-core-8.5.31.jar:8.5.31]
	at org.apache.catalina.authenticator.AuthenticatorBase.invoke(AuthenticatorBase.java:496) [tomcat-embed-core-8.5.31.jar:8.5.31]
	at org.apache.catalina.core.StandardHostValve.invoke(StandardHostValve.java:140) [tomcat-embed-core-8.5.31.jar:8.5.31]
	at org.apache.catalina.valves.ErrorReportValve.invoke(ErrorReportValve.java:81) [tomcat-embed-core-8.5.31.jar:8.5.31]
	at org.apache.catalina.core.StandardEngineValve.invoke(StandardEngineValve.java:87) [tomcat-embed-core-8.5.31.jar:8.5.31]
	at org.apache.catalina.connector.CoyoteAdapter.service(CoyoteAdapter.java:342) [tomcat-embed-core-8.5.31.jar:8.5.31]
	at org.apache.coyote.http11.Http11Processor.service(Http11Processor.java:803) [tomcat-embed-core-8.5.31.jar:8.5.31]
	at org.apache.coyote.AbstractProcessorLight.process(AbstractProcessorLight.java:66) [tomcat-embed-core-8.5.31.jar:8.5.31]
	at org.apache.coyote.AbstractProtocol$ConnectionHandler.process(AbstractProtocol.java:790) [tomcat-embed-core-8.5.31.jar:8.5.31]
	at org.apache.tomcat.util.net.NioEndpoint$SocketProcessor.doRun(NioEndpoint.java:1468) [tomcat-embed-core-8.5.31.jar:8.5.31]
	at org.apache.tomcat.util.net.SocketProcessorBase.run(SocketProcessorBase.java:49) [tomcat-embed-core-8.5.31.jar:8.5.31]
	at java.util.concurrent.ThreadPoolExecutor.runWorker(ThreadPoolExecutor.java:1149) [na:1.8.0_144]
	at java.util.concurrent.ThreadPoolExecutor$Worker.run(ThreadPoolExecutor.java:624) [na:1.8.0_144]
	at org.apache.tomcat.util.threads.TaskThread$WrappingRunnable.run(TaskThread.java:61) [tomcat-embed-core-8.5.31.jar:8.5.31]
	at java.lang.Thread.run(Thread.java:748) [na:1.8.0_144]

2018-08-30 10:57:56.676 ERROR 45680 --- [Thread-87] c.x.j.c.thread.ExecutorRegistryThread    : sleep interrupted

java.lang.InterruptedException: sleep interrupted
	at java.lang.Thread.sleep(Native Method) [na:1.8.0_144]
	at java.lang.Thread.sleep(Thread.java:340) [na:1.8.0_144]
	at java.util.concurrent.TimeUnit.sleep(TimeUnit.java:386) ~[na:1.8.0_144]
	at com.xxl.job.core.thread.ExecutorRegistryThread$1.run(ExecutorRegistryThread.java:75) ~[xxl-job-core-1.9.1.jar:na]
	at java.lang.Thread.run(Thread.java:748) [na:1.8.0_144]

2018-08-30 10:57:56.701 ERROR 45680 --- [Thread-88] c.x.j.core.thread.TriggerCallbackThread  : null

java.lang.InterruptedException: null
	at java.util.concurrent.locks.AbstractQueuedSynchronizer$ConditionObject.reportInterruptAfterWait(AbstractQueuedSynchronizer.java:2014) ~[na:1.8.0_144]
	at java.util.concurrent.locks.AbstractQueuedSynchronizer$ConditionObject.await(AbstractQueuedSynchronizer.java:2048) ~[na:1.8.0_144]
	at java.util.concurrent.LinkedBlockingQueue.take(LinkedBlockingQueue.java:442) ~[na:1.8.0_144]
	at com.xxl.job.core.thread.TriggerCallbackThread$1.run(TriggerCallbackThread.java:55) ~[xxl-job-core-1.9.1.jar:na]
	at java.lang.Thread.run(Thread.java:748) [na:1.8.0_144]

2018-08-30 10:57:56.707 ERROR 45680 --- [Thread-83] c.x.j.c.r.n.jetty.server.JettyServer     : null

java.lang.InterruptedException: null
	at java.util.concurrent.locks.AbstractQueuedSynchronizer$ConditionObject.reportInterruptAfterWait(AbstractQueuedSynchronizer.java:2014) ~[na:1.8.0_144]
	at java.util.concurrent.locks.AbstractQueuedSynchronizer$ConditionObject.awaitNanos(AbstractQueuedSynchronizer.java:2088) ~[na:1.8.0_144]
	at java.util.concurrent.ThreadPoolExecutor.awaitTermination(ThreadPoolExecutor.java:1475) ~[na:1.8.0_144]
	at org.eclipse.jetty.util.thread.ExecutorThreadPool.join(ExecutorThreadPool.java:182) ~[jetty-util-9.2.24.v20180105.jar:9.2.24.v20180105]
	at org.eclipse.jetty.server.Server.join(Server.java:556) ~[jetty-server-9.2.24.v20180105.jar:9.2.24.v20180105]
	at com.xxl.job.core.rpc.netcom.jetty.server.JettyServer$1.run(JettyServer.java:55) ~[xxl-job-core-1.9.1.jar:na]
	at java.lang.Thread.run(Thread.java:748) [na:1.8.0_144]

2018-08-30 10:57:56.719 ERROR 45680 --- [Thread-56] c.x.j.a.c.t.JobRegistryMonitorHelper     : job registry instance error:{}

java.lang.InterruptedException: sleep interrupted
	at java.lang.Thread.sleep(Native Method) [na:1.8.0_144]
	at java.lang.Thread.sleep(Thread.java:340) [na:1.8.0_144]
	at java.util.concurrent.TimeUnit.sleep(TimeUnit.java:386) ~[na:1.8.0_144]
	at com.xxl.job.admin.core.thread.JobRegistryMonitorHelper$1.run(JobRegistryMonitorHelper.java:81) ~[classes/:na]
	at java.lang.Thread.run(Thread.java:748) [na:1.8.0_144]

2018-08-30 10:57:56.719 ERROR 45680 --- [Thread-57] c.x.j.a.c.thread.JobFailMonitorHelper    : job monitor error:{}

java.lang.InterruptedException: sleep interrupted
	at java.lang.Thread.sleep(Native Method) [na:1.8.0_144]
	at java.lang.Thread.sleep(Thread.java:340) [na:1.8.0_144]
	at java.util.concurrent.TimeUnit.sleep(TimeUnit.java:386) ~[na:1.8.0_144]
	at com.xxl.job.admin.core.thread.JobFailMonitorHelper$1.run(JobFailMonitorHelper.java:77) ~[classes/:na]
	at java.lang.Thread.run(Thread.java:748) [na:1.8.0_144]

2018-08-30 10:58:36.307  WARN 45707 --- [localhost-startStop-1] c.w.a.s.h.MyFilterSecurityInterceptor    : Could not validate configuration attributes as the SecurityMetadataSource did not return any attributes from getAllConfigAttributes()
2018-08-30 10:58:37.268  WARN 45707 --- [main] org.dozer.config.GlobalSettings          : Dozer configuration file not found: dozer.properties.  Using defaults for all Dozer global properties.
2018-08-30 10:58:47.632  WARN 45707 --- [main] cn.wind.xboot.config.CacheConfiguration  : init redis缓存管理对象
2018-08-30 10:58:56.403  WARN 45707 --- [main] s.d.s.w.r.p.ParameterDataTypeReader      : Trying to infer dataType java.util.List<java.lang.Long>
2018-08-30 10:58:56.419  WARN 45707 --- [main] s.d.s.w.r.p.ParameterDataTypeReader      : Trying to infer dataType java.util.List<cn.wind.xboot.dto.app.ml.mlGoodsSelectDto>
2018-08-30 10:58:56.990  WARN 45707 --- [main] s.d.s.w.r.p.ParameterDataTypeReader      : Trying to infer dataType java.util.List<java.lang.Long>
2018-08-30 10:58:56.994  WARN 45707 --- [main] s.d.s.w.r.p.ParameterDataTypeReader      : Trying to infer dataType java.util.List<java.lang.Long>
2018-08-30 10:58:56.996  WARN 45707 --- [main] s.d.s.w.r.p.ParameterDataTypeReader      : Trying to infer dataType java.util.List<java.lang.Long>
2018-08-30 10:58:56.999  WARN 45707 --- [main] s.d.s.w.r.p.ParameterDataTypeReader      : Trying to infer dataType java.util.List<java.lang.Long>
2018-08-30 10:58:57.002  WARN 45707 --- [main] s.d.s.w.r.p.ParameterDataTypeReader      : Trying to infer dataType java.util.List<java.lang.Long>
2018-08-30 10:58:57.005  WARN 45707 --- [main] s.d.s.w.r.p.ParameterDataTypeReader      : Trying to infer dataType java.util.List<java.lang.Long>
2018-08-30 10:58:57.009  WARN 45707 --- [main] s.d.s.w.r.p.ParameterDataTypeReader      : Trying to infer dataType java.util.List<java.lang.Long>
2018-08-30 10:58:57.012  WARN 45707 --- [main] s.d.s.w.r.p.ParameterDataTypeReader      : Trying to infer dataType java.util.List<java.lang.Long>
2018-08-30 10:58:57.451  WARN 45707 --- [main] cn.wind.xboot.XbootApplication           : XbootApplication启动成功!
2018-08-30 11:05:50.284 ERROR 45707 --- [Thread-88] c.x.j.c.thread.ExecutorRegistryThread    : sleep interrupted

java.lang.InterruptedException: sleep interrupted
	at java.lang.Thread.sleep(Native Method) [na:1.8.0_144]
	at java.lang.Thread.sleep(Thread.java:340) [na:1.8.0_144]
	at java.util.concurrent.TimeUnit.sleep(TimeUnit.java:386) ~[na:1.8.0_144]
	at com.xxl.job.core.thread.ExecutorRegistryThread$1.run(ExecutorRegistryThread.java:75) ~[xxl-job-core-1.9.1.jar:na]
	at java.lang.Thread.run(Thread.java:748) [na:1.8.0_144]

2018-08-30 11:05:50.305 ERROR 45707 --- [Thread-89] c.x.j.core.thread.TriggerCallbackThread  : null

java.lang.InterruptedException: null
	at java.util.concurrent.locks.AbstractQueuedSynchronizer$ConditionObject.reportInterruptAfterWait(AbstractQueuedSynchronizer.java:2014) ~[na:1.8.0_144]
	at java.util.concurrent.locks.AbstractQueuedSynchronizer$ConditionObject.await(AbstractQueuedSynchronizer.java:2048) ~[na:1.8.0_144]
	at java.util.concurrent.LinkedBlockingQueue.take(LinkedBlockingQueue.java:442) ~[na:1.8.0_144]
	at com.xxl.job.core.thread.TriggerCallbackThread$1.run(TriggerCallbackThread.java:55) ~[xxl-job-core-1.9.1.jar:na]
	at java.lang.Thread.run(Thread.java:748) [na:1.8.0_144]

2018-08-30 11:05:50.311 ERROR 45707 --- [Thread-84] c.x.j.c.r.n.jetty.server.JettyServer     : null

java.lang.InterruptedException: null
	at java.util.concurrent.locks.AbstractQueuedSynchronizer$ConditionObject.reportInterruptAfterWait(AbstractQueuedSynchronizer.java:2014) ~[na:1.8.0_144]
	at java.util.concurrent.locks.AbstractQueuedSynchronizer$ConditionObject.awaitNanos(AbstractQueuedSynchronizer.java:2088) ~[na:1.8.0_144]
	at java.util.concurrent.ThreadPoolExecutor.awaitTermination(ThreadPoolExecutor.java:1475) ~[na:1.8.0_144]
	at org.eclipse.jetty.util.thread.ExecutorThreadPool.join(ExecutorThreadPool.java:182) ~[jetty-util-9.2.24.v20180105.jar:9.2.24.v20180105]
	at org.eclipse.jetty.server.Server.join(Server.java:556) ~[jetty-server-9.2.24.v20180105.jar:9.2.24.v20180105]
	at com.xxl.job.core.rpc.netcom.jetty.server.JettyServer$1.run(JettyServer.java:55) ~[xxl-job-core-1.9.1.jar:na]
	at java.lang.Thread.run(Thread.java:748) [na:1.8.0_144]

2018-08-30 11:05:50.326 ERROR 45707 --- [Thread-57] c.x.j.a.c.t.JobRegistryMonitorHelper     : job registry instance error:{}

java.lang.InterruptedException: sleep interrupted
	at java.lang.Thread.sleep(Native Method) [na:1.8.0_144]
	at java.lang.Thread.sleep(Thread.java:340) [na:1.8.0_144]
	at java.util.concurrent.TimeUnit.sleep(TimeUnit.java:386) ~[na:1.8.0_144]
	at com.xxl.job.admin.core.thread.JobRegistryMonitorHelper$1.run(JobRegistryMonitorHelper.java:81) ~[classes/:na]
	at java.lang.Thread.run(Thread.java:748) [na:1.8.0_144]

2018-08-30 11:05:50.326 ERROR 45707 --- [Thread-58] c.x.j.a.c.thread.JobFailMonitorHelper    : job monitor error:{}

java.lang.InterruptedException: sleep interrupted
	at java.lang.Thread.sleep(Native Method) [na:1.8.0_144]
	at java.lang.Thread.sleep(Thread.java:340) [na:1.8.0_144]
	at java.util.concurrent.TimeUnit.sleep(TimeUnit.java:386) ~[na:1.8.0_144]
	at com.xxl.job.admin.core.thread.JobFailMonitorHelper$1.run(JobFailMonitorHelper.java:77) ~[classes/:na]
	at java.lang.Thread.run(Thread.java:748) [na:1.8.0_144]

2018-08-30 11:06:29.253  WARN 45768 --- [localhost-startStop-1] c.w.a.s.h.MyFilterSecurityInterceptor    : Could not validate configuration attributes as the SecurityMetadataSource did not return any attributes from getAllConfigAttributes()
2018-08-30 11:06:30.226  WARN 45768 --- [main] org.dozer.config.GlobalSettings          : Dozer configuration file not found: dozer.properties.  Using defaults for all Dozer global properties.
2018-08-30 11:06:40.675  WARN 45768 --- [main] cn.wind.xboot.config.CacheConfiguration  : init redis缓存管理对象
2018-08-30 11:06:49.553  WARN 45768 --- [main] s.d.s.w.r.p.ParameterDataTypeReader      : Trying to infer dataType java.util.List<java.lang.Long>
2018-08-30 11:06:49.571  WARN 45768 --- [main] s.d.s.w.r.p.ParameterDataTypeReader      : Trying to infer dataType java.util.List<cn.wind.xboot.dto.app.ml.mlGoodsSelectDto>
2018-08-30 11:06:50.120  WARN 45768 --- [main] s.d.s.w.r.p.ParameterDataTypeReader      : Trying to infer dataType java.util.List<java.lang.Long>
2018-08-30 11:06:50.122  WARN 45768 --- [main] s.d.s.w.r.p.ParameterDataTypeReader      : Trying to infer dataType java.util.List<java.lang.Long>
2018-08-30 11:06:50.125  WARN 45768 --- [main] s.d.s.w.r.p.ParameterDataTypeReader      : Trying to infer dataType java.util.List<java.lang.Long>
2018-08-30 11:06:50.127  WARN 45768 --- [main] s.d.s.w.r.p.ParameterDataTypeReader      : Trying to infer dataType java.util.List<java.lang.Long>
2018-08-30 11:06:50.129  WARN 45768 --- [main] s.d.s.w.r.p.ParameterDataTypeReader      : Trying to infer dataType java.util.List<java.lang.Long>
2018-08-30 11:06:50.131  WARN 45768 --- [main] s.d.s.w.r.p.ParameterDataTypeReader      : Trying to infer dataType java.util.List<java.lang.Long>
2018-08-30 11:06:50.133  WARN 45768 --- [main] s.d.s.w.r.p.ParameterDataTypeReader      : Trying to infer dataType java.util.List<java.lang.Long>
2018-08-30 11:06:50.136  WARN 45768 --- [main] s.d.s.w.r.p.ParameterDataTypeReader      : Trying to infer dataType java.util.List<java.lang.Long>
2018-08-30 11:06:50.625  WARN 45768 --- [main] cn.wind.xboot.XbootApplication           : XbootApplication启动成功!
2018-08-30 11:37:57.434 ERROR 45768 --- [Thread-86] c.x.j.c.thread.ExecutorRegistryThread    : sleep interrupted

java.lang.InterruptedException: sleep interrupted
	at java.lang.Thread.sleep(Native Method) [na:1.8.0_144]
	at java.lang.Thread.sleep(Thread.java:340) [na:1.8.0_144]
	at java.util.concurrent.TimeUnit.sleep(TimeUnit.java:386) ~[na:1.8.0_144]
	at com.xxl.job.core.thread.ExecutorRegistryThread$1.run(ExecutorRegistryThread.java:75) ~[xxl-job-core-1.9.1.jar:na]
	at java.lang.Thread.run(Thread.java:748) [na:1.8.0_144]

2018-08-30 11:37:57.455 ERROR 45768 --- [Thread-87] c.x.j.core.thread.TriggerCallbackThread  : null

java.lang.InterruptedException: null
	at java.util.concurrent.locks.AbstractQueuedSynchronizer$ConditionObject.reportInterruptAfterWait(AbstractQueuedSynchronizer.java:2014) ~[na:1.8.0_144]
	at java.util.concurrent.locks.AbstractQueuedSynchronizer$ConditionObject.await(AbstractQueuedSynchronizer.java:2048) ~[na:1.8.0_144]
	at java.util.concurrent.LinkedBlockingQueue.take(LinkedBlockingQueue.java:442) ~[na:1.8.0_144]
	at com.xxl.job.core.thread.TriggerCallbackThread$1.run(TriggerCallbackThread.java:55) ~[xxl-job-core-1.9.1.jar:na]
	at java.lang.Thread.run(Thread.java:748) [na:1.8.0_144]

2018-08-30 11:37:57.460 ERROR 45768 --- [Thread-82] c.x.j.c.r.n.jetty.server.JettyServer     : null

java.lang.InterruptedException: null
	at java.util.concurrent.locks.AbstractQueuedSynchronizer$ConditionObject.reportInterruptAfterWait(AbstractQueuedSynchronizer.java:2014) ~[na:1.8.0_144]
	at java.util.concurrent.locks.AbstractQueuedSynchronizer$ConditionObject.awaitNanos(AbstractQueuedSynchronizer.java:2088) ~[na:1.8.0_144]
	at java.util.concurrent.ThreadPoolExecutor.awaitTermination(ThreadPoolExecutor.java:1475) ~[na:1.8.0_144]
	at org.eclipse.jetty.util.thread.ExecutorThreadPool.join(ExecutorThreadPool.java:182) ~[jetty-util-9.2.24.v20180105.jar:9.2.24.v20180105]
	at org.eclipse.jetty.server.Server.join(Server.java:556) ~[jetty-server-9.2.24.v20180105.jar:9.2.24.v20180105]
	at com.xxl.job.core.rpc.netcom.jetty.server.JettyServer$1.run(JettyServer.java:55) ~[xxl-job-core-1.9.1.jar:na]
	at java.lang.Thread.run(Thread.java:748) [na:1.8.0_144]

2018-08-30 11:37:57.472 ERROR 45768 --- [Thread-55] c.x.j.a.c.t.JobRegistryMonitorHelper     : job registry instance error:{}

java.lang.InterruptedException: sleep interrupted
	at java.lang.Thread.sleep(Native Method) [na:1.8.0_144]
	at java.lang.Thread.sleep(Thread.java:340) [na:1.8.0_144]
	at java.util.concurrent.TimeUnit.sleep(TimeUnit.java:386) ~[na:1.8.0_144]
	at com.xxl.job.admin.core.thread.JobRegistryMonitorHelper$1.run(JobRegistryMonitorHelper.java:81) ~[classes/:na]
	at java.lang.Thread.run(Thread.java:748) [na:1.8.0_144]

2018-08-30 11:37:57.473 ERROR 45768 --- [Thread-56] c.x.j.a.c.thread.JobFailMonitorHelper    : job monitor error:{}

java.lang.InterruptedException: sleep interrupted
	at java.lang.Thread.sleep(Native Method) [na:1.8.0_144]
	at java.lang.Thread.sleep(Thread.java:340) [na:1.8.0_144]
	at java.util.concurrent.TimeUnit.sleep(TimeUnit.java:386) ~[na:1.8.0_144]
	at com.xxl.job.admin.core.thread.JobFailMonitorHelper$1.run(JobFailMonitorHelper.java:77) ~[classes/:na]
	at java.lang.Thread.run(Thread.java:748) [na:1.8.0_144]

2018-08-30 11:38:35.866  WARN 46008 --- [localhost-startStop-1] c.w.a.s.h.MyFilterSecurityInterceptor    : Could not validate configuration attributes as the SecurityMetadataSource did not return any attributes from getAllConfigAttributes()
2018-08-30 11:38:36.789  WARN 46008 --- [main] org.dozer.config.GlobalSettings          : Dozer configuration file not found: dozer.properties.  Using defaults for all Dozer global properties.
2018-08-30 11:38:47.118  WARN 46008 --- [main] cn.wind.xboot.config.CacheConfiguration  : init redis缓存管理对象
2018-08-30 11:38:55.827  WARN 46008 --- [main] s.d.s.w.r.p.ParameterDataTypeReader      : Trying to infer dataType java.util.List<java.lang.Long>
2018-08-30 11:38:55.844  WARN 46008 --- [main] s.d.s.w.r.p.ParameterDataTypeReader      : Trying to infer dataType java.util.List<cn.wind.xboot.dto.app.ml.mlGoodsSelectDto>
2018-08-30 11:38:56.420  WARN 46008 --- [main] s.d.s.w.r.p.ParameterDataTypeReader      : Trying to infer dataType java.util.List<java.lang.Long>
2018-08-30 11:38:56.422  WARN 46008 --- [main] s.d.s.w.r.p.ParameterDataTypeReader      : Trying to infer dataType java.util.List<java.lang.Long>
2018-08-30 11:38:56.425  WARN 46008 --- [main] s.d.s.w.r.p.ParameterDataTypeReader      : Trying to infer dataType java.util.List<java.lang.Long>
2018-08-30 11:38:56.427  WARN 46008 --- [main] s.d.s.w.r.p.ParameterDataTypeReader      : Trying to infer dataType java.util.List<java.lang.Long>
2018-08-30 11:38:56.429  WARN 46008 --- [main] s.d.s.w.r.p.ParameterDataTypeReader      : Trying to infer dataType java.util.List<java.lang.Long>
2018-08-30 11:38:56.431  WARN 46008 --- [main] s.d.s.w.r.p.ParameterDataTypeReader      : Trying to infer dataType java.util.List<java.lang.Long>
2018-08-30 11:38:56.433  WARN 46008 --- [main] s.d.s.w.r.p.ParameterDataTypeReader      : Trying to infer dataType java.util.List<java.lang.Long>
2018-08-30 11:38:56.436  WARN 46008 --- [main] s.d.s.w.r.p.ParameterDataTypeReader      : Trying to infer dataType java.util.List<java.lang.Long>
2018-08-30 11:38:56.767  WARN 46008 --- [main] cn.wind.xboot.XbootApplication           : XbootApplication启动成功!
2018-08-30 15:24:19.732 ERROR 46008 --- [Thread-86] c.x.j.c.thread.ExecutorRegistryThread    : sleep interrupted

java.lang.InterruptedException: sleep interrupted
	at java.lang.Thread.sleep(Native Method) [na:1.8.0_144]
	at java.lang.Thread.sleep(Thread.java:340) [na:1.8.0_144]
	at java.util.concurrent.TimeUnit.sleep(TimeUnit.java:386) ~[na:1.8.0_144]
	at com.xxl.job.core.thread.ExecutorRegistryThread$1.run(ExecutorRegistryThread.java:75) ~[xxl-job-core-1.9.1.jar:na]
	at java.lang.Thread.run(Thread.java:748) [na:1.8.0_144]

2018-08-30 15:24:19.751 ERROR 46008 --- [Thread-87] c.x.j.core.thread.TriggerCallbackThread  : null

java.lang.InterruptedException: null
	at java.util.concurrent.locks.AbstractQueuedSynchronizer$ConditionObject.reportInterruptAfterWait(AbstractQueuedSynchronizer.java:2014) ~[na:1.8.0_144]
	at java.util.concurrent.locks.AbstractQueuedSynchronizer$ConditionObject.await(AbstractQueuedSynchronizer.java:2048) ~[na:1.8.0_144]
	at java.util.concurrent.LinkedBlockingQueue.take(LinkedBlockingQueue.java:442) ~[na:1.8.0_144]
	at com.xxl.job.core.thread.TriggerCallbackThread$1.run(TriggerCallbackThread.java:55) ~[xxl-job-core-1.9.1.jar:na]
	at java.lang.Thread.run(Thread.java:748) [na:1.8.0_144]

2018-08-30 15:24:19.756 ERROR 46008 --- [Thread-82] c.x.j.c.r.n.jetty.server.JettyServer     : null

java.lang.InterruptedException: null
	at java.util.concurrent.locks.AbstractQueuedSynchronizer$ConditionObject.reportInterruptAfterWait(AbstractQueuedSynchronizer.java:2014) ~[na:1.8.0_144]
	at java.util.concurrent.locks.AbstractQueuedSynchronizer$ConditionObject.awaitNanos(AbstractQueuedSynchronizer.java:2088) ~[na:1.8.0_144]
	at java.util.concurrent.ThreadPoolExecutor.awaitTermination(ThreadPoolExecutor.java:1475) ~[na:1.8.0_144]
	at org.eclipse.jetty.util.thread.ExecutorThreadPool.join(ExecutorThreadPool.java:182) ~[jetty-util-9.2.24.v20180105.jar:9.2.24.v20180105]
	at org.eclipse.jetty.server.Server.join(Server.java:556) ~[jetty-server-9.2.24.v20180105.jar:9.2.24.v20180105]
	at com.xxl.job.core.rpc.netcom.jetty.server.JettyServer$1.run(JettyServer.java:55) ~[xxl-job-core-1.9.1.jar:na]
	at java.lang.Thread.run(Thread.java:748) [na:1.8.0_144]

2018-08-30 15:24:19.768 ERROR 46008 --- [Thread-55] c.x.j.a.c.t.JobRegistryMonitorHelper     : job registry instance error:{}

java.lang.InterruptedException: sleep interrupted
	at java.lang.Thread.sleep(Native Method) [na:1.8.0_144]
	at java.lang.Thread.sleep(Thread.java:340) [na:1.8.0_144]
	at java.util.concurrent.TimeUnit.sleep(TimeUnit.java:386) ~[na:1.8.0_144]
	at com.xxl.job.admin.core.thread.JobRegistryMonitorHelper$1.run(JobRegistryMonitorHelper.java:81) ~[classes/:na]
	at java.lang.Thread.run(Thread.java:748) [na:1.8.0_144]

2018-08-30 15:24:19.769 ERROR 46008 --- [Thread-56] c.x.j.a.c.thread.JobFailMonitorHelper    : job monitor error:{}

java.lang.InterruptedException: sleep interrupted
	at java.lang.Thread.sleep(Native Method) [na:1.8.0_144]
	at java.lang.Thread.sleep(Thread.java:340) [na:1.8.0_144]
	at java.util.concurrent.TimeUnit.sleep(TimeUnit.java:386) ~[na:1.8.0_144]
	at com.xxl.job.admin.core.thread.JobFailMonitorHelper$1.run(JobFailMonitorHelper.java:77) ~[classes/:na]
	at java.lang.Thread.run(Thread.java:748) [na:1.8.0_144]

